TN:
SF:src\App.tsx
FN:118,CatchAllRedirect
FN:128,LegacyRoomTabRedirect
FN:133,App
FNF:3
FNH:0
FNDA:0,CatchAllRedirect
FNDA:0,LegacyRoomTabRedirect
FNDA:0,App
DA:119,0
DA:120,0
DA:121,0
DA:122,0
DA:123,0
DA:124,0
DA:129,0
DA:130,0
DA:134,0
LF:9
LH:0
BRDA:120,0,0,0
BRDA:120,0,1,0
BRDA:121,1,0,0
BRDA:121,1,1,0
BRDA:122,2,0,0
BRDA:122,2,1,0
BRDA:123,3,0,0
BRDA:123,3,1,0
BRF:8
BRH:0
end_of_record
TN:
SF:src\api\adminApi.ts
FN:119,getGlobalKpis
FN:127,getAdminProperties
FN:135,createAdminProperty
FN:143,updateAdminProperty
FN:151,assignManagerToProperty
FN:159,getManagers
FN:167,getCustomers
FN:173,getAdminUserById
FN:179,updateAdminUser
FN:187,getPaymentReconciliation
FN:195,getEscalatedDamageReports
FN:201,coApproveDamageReport
FN:209,getAdminComplaints
FN:215,resolveComplaint
FN:223,getGlobalRevenueReport
FN:231,getSystemSettings
FN:237,updateSystemSettings
FN:245,getAdminPromotions
FN:253,createPromotion
FN:259,updatePromotion
FN:265,deletePromotion
FN:272,(anonymous_21)
FN:275,(anonymous_22)
FNF:23
FNH:0
FNDA:0,getGlobalKpis
FNDA:0,getAdminProperties
FNDA:0,createAdminProperty
FNDA:0,updateAdminProperty
FNDA:0,assignManagerToProperty
FNDA:0,getManagers
FNDA:0,getCustomers
FNDA:0,getAdminUserById
FNDA:0,updateAdminUser
FNDA:0,getPaymentReconciliation
FNDA:0,getEscalatedDamageReports
FNDA:0,coApproveDamageReport
FNDA:0,getAdminComplaints
FNDA:0,resolveComplaint
FNDA:0,getGlobalRevenueReport
FNDA:0,getSystemSettings
FNDA:0,updateSystemSettings
FNDA:0,getAdminPromotions
FNDA:0,createPromotion
FNDA:0,updatePromotion
FNDA:0,deletePromotion
FNDA:0,(anonymous_21)
FNDA:0,(anonymous_22)
DA:120,0
DA:121,0
DA:128,0
DA:129,0
DA:136,0
DA:137,0
DA:144,0
DA:145,0
DA:152,0
DA:153,0
DA:160,0
DA:161,0
DA:168,0
DA:169,0
DA:174,0
DA:175,0
DA:180,0
DA:181,0
DA:188,0
DA:189,0
DA:196,0
DA:197,0
DA:202,0
DA:203,0
DA:210,0
DA:211,0
DA:216,0
DA:217,0
DA:224,0
DA:225,0
DA:232,0
DA:233,0
DA:238,0
DA:239,0
DA:246,0
DA:247,0
DA:254,0
DA:255,0
DA:260,0
DA:261,0
DA:266,0
DA:267,0
DA:271,0
DA:273,0
DA:275,0
LF:45
LH:0
BRF:0
BRH:0
end_of_record
TN:
SF:src\api\authApi.ts
FN:46,(anonymous_0)
FN:52,(anonymous_1)
FN:58,(anonymous_2)
FN:64,(anonymous_3)
FN:70,(anonymous_4)
FN:76,(anonymous_5)
FN:82,(anonymous_6)
FN:88,(anonymous_7)
FN:94,(anonymous_8)
FNF:9
FNH:0
FNDA:0,(anonymous_0)
FNDA:0,(anonymous_1)
FNDA:0,(anonymous_2)
FNDA:0,(anonymous_3)
FNDA:0,(anonymous_4)
FNDA:0,(anonymous_5)
FNDA:0,(anonymous_6)
FNDA:0,(anonymous_7)
FNDA:0,(anonymous_8)
DA:45,0
DA:47,0
DA:48,0
DA:53,0
DA:54,0
DA:59,0
DA:60,0
DA:65,0
DA:66,0
DA:71,0
DA:72,0
DA:77,0
DA:78,0
DA:83,0
DA:84,0
DA:89,0
DA:90,0
DA:95,0
DA:96,0
LF:19
LH:0
BRF:0
BRH:0
end_of_record
TN:
SF:src\api\axiosInstance.ts
FN:15,isPublicReadRoute
FN:17,(anonymous_1)
FN:27,(anonymous_2)
FN:36,(anonymous_3)
FN:38,(anonymous_4)
FNF:5
FNH:0
FNDA:0,isPublicReadRoute
FNDA:0,(anonymous_1)
FNDA:0,(anonymous_2)
FNDA:0,(anonymous_3)
FNDA:0,(anonymous_4)
DA:5,0
DA:16,0
DA:17,0
DA:20,0
DA:27,0
DA:28,0
DA:29,0
DA:30,0
DA:32,0
DA:36,0
DA:37,0
DA:39,0
DA:41,0
DA:43,0
DA:44,0
DA:47,0
DA:48,0
DA:51,0
DA:52,0
DA:53,0
DA:56,0
DA:57,0
DA:58,0
DA:59,0
DA:61,0
DA:63,0
DA:64,0
DA:67,0
DA:70,0
DA:71,0
DA:79,0
DA:80,0
DA:81,0
DA:85,0
LF:34
LH:0
BRDA:16,0,0,0
BRDA:16,0,1,0
BRDA:22,1,0,0
BRDA:22,1,1,0
BRDA:22,2,0,0
BRDA:22,2,1,0
BRDA:29,3,0,0
BRDA:29,3,1,0
BRDA:41,4,0,0
BRDA:41,4,1,0
BRDA:41,4,2,0
BRDA:44,5,0,0
BRDA:44,5,1,0
BRDA:47,6,0,0
BRDA:47,6,1,0
BRDA:47,7,0,0
BRDA:47,7,1,0
BRDA:47,7,2,0
BRDA:51,8,0,0
BRDA:51,8,1,0
BRDA:51,9,0,0
BRDA:51,9,1,0
BRDA:57,10,0,0
BRDA:57,10,1,0
BRDA:61,11,0,0
BRDA:61,11,1,0
BRDA:61,12,0,0
BRDA:61,12,1,0
BRDA:79,13,0,0
BRDA:79,13,1,0
BRF:30
BRH:0
end_of_record
TN:
SF:src\api\bookingApi.ts
FN:86,(anonymous_0)
FN:90,(anonymous_1)
FN:94,(anonymous_2)
FN:99,(anonymous_3)
FN:104,(anonymous_4)
FN:108,(anonymous_5)
FN:113,(anonymous_6)
FN:118,(anonymous_7)
FN:122,(anonymous_8)
FN:126,(anonymous_9)
FN:130,(anonymous_10)
FN:147,fetchManagerBookingsV1
FN:161,fetchManagerBookingV1
FN:166,checkInBookingV1
FN:174,checkOutBookingV1
FN:194,uploadBookingIdDocumentsV1
FN:199,(anonymous_16)
FNF:17
FNH:0
FNDA:0,(anonymous_0)
FNDA:0,(anonymous_1)
FNDA:0,(anonymous_2)
FNDA:0,(anonymous_3)
FNDA:0,(anonymous_4)
FNDA:0,(anonymous_5)
FNDA:0,(anonymous_6)
FNDA:0,(anonymous_7)
FNDA:0,(anonymous_8)
FNDA:0,(anonymous_9)
FNDA:0,(anonymous_10)
FNDA:0,fetchManagerBookingsV1
FNDA:0,fetchManagerBookingV1
FNDA:0,checkInBookingV1
FNDA:0,checkOutBookingV1
FNDA:0,uploadBookingIdDocumentsV1
FNDA:0,(anonymous_16)
DA:85,0
DA:87,0
DA:88,0
DA:91,0
DA:92,0
DA:95,0
DA:96,0
DA:100,0
DA:101,0
DA:105,0
DA:106,0
DA:109,0
DA:110,0
DA:114,0
DA:115,0
DA:119,0
DA:120,0
DA:123,0
DA:124,0
DA:127,0
DA:128,0
DA:131,0
DA:132,0
DA:150,0
DA:151,0
DA:162,0
DA:163,0
DA:170,0
DA:171,0
DA:178,0
DA:179,0
DA:198,0
DA:199,0
DA:200,0
DA:204,0
LF:35
LH:0
BRDA:131,0,0,0
BRDA:131,0,1,0
BRDA:204,1,0,0
BRDA:204,1,1,0
BRF:4
BRH:0
end_of_record
TN:
SF:src\api\bookingsApi.ts
FN:24,fetchMyBookings
FNF:1
FNH:0
FNDA:0,fetchMyBookings
DA:30,0
DA:31,0
LF:2
LH:0
BRF:0
BRH:0
end_of_record
TN:
SF:src\api\complaintsApi.ts
FN:44,(anonymous_0)
FN:49,(anonymous_1)
FN:54,(anonymous_2)
FN:59,(anonymous_3)
FN:64,(anonymous_4)
FNF:5
FNH:0
FNDA:0,(anonymous_0)
FNDA:0,(anonymous_1)
FNDA:0,(anonymous_2)
FNDA:0,(anonymous_3)
FNDA:0,(anonymous_4)
DA:43,0
DA:45,0
DA:46,0
DA:50,0
DA:51,0
DA:55,0
DA:56,0
DA:60,0
DA:61,0
DA:65,0
DA:66,0
LF:11
LH:0
BRF:0
BRH:0
end_of_record
TN:
SF:src\api\contractApi.ts
FN:46,(anonymous_0)
FN:52,(anonymous_1)
FN:57,(anonymous_2)
FN:62,(anonymous_3)
FN:67,(anonymous_4)
FN:72,(anonymous_5)
FN:84,(anonymous_6)
FNF:7
FNH:0
FNDA:0,(anonymous_0)
FNDA:0,(anonymous_1)
FNDA:0,(anonymous_2)
FNDA:0,(anonymous_3)
FNDA:0,(anonymous_4)
FNDA:0,(anonymous_5)
FNDA:0,(anonymous_6)
DA:45,0
DA:47,0
DA:48,0
DA:53,0
DA:54,0
DA:58,0
DA:59,0
DA:63,0
DA:64,0
DA:68,0
DA:69,0
DA:73,0
DA:74,0
DA:75,0
DA:76,0
DA:77,0
DA:78,0
DA:79,0
DA:80,0
DA:81,0
DA:85,0
DA:86,0
LF:22
LH:0
BRDA:72,0,0,0
BRF:1
BRH:0
end_of_record
TN:
SF:src\api\customersApi.ts
FN:41,fetchCustomerDashboard
FNF:1
FNH:0
FNDA:0,fetchCustomerDashboard
DA:42,0
DA:43,0
LF:2
LH:0
BRF:0
BRH:0
end_of_record
TN:
SF:src\api\employeeApi.ts
FN:17,getEmployeeKpis
FN:26,getHousekeepingTasks
FN:35,updateHousekeepingTaskStatus
FN:58,getEmployeeMaintenanceTickets
FN:67,updateMaintenanceTicketStatus
FN:97,getEmployeeInspections
FN:106,passInspection
FN:114,failInspection
FN:138,getEmployeeDamageReports
FN:146,createDamageReport
FN:166,getEmployeeRooms
FNF:11
FNH:0
FNDA:0,getEmployeeKpis
FNDA:0,getHousekeepingTasks
FNDA:0,updateHousekeepingTaskStatus
FNDA:0,getEmployeeMaintenanceTickets
FNDA:0,updateMaintenanceTicketStatus
FNDA:0,getEmployeeInspections
FNDA:0,passInspection
FNDA:0,failInspection
FNDA:0,getEmployeeDamageReports
FNDA:0,createDamageReport
FNDA:0,getEmployeeRooms
DA:18,0
DA:19,0
DA:31,0
DA:32,0
DA:39,0
DA:40,0
DA:42,0
DA:63,0
DA:64,0
DA:71,0
DA:102,0
DA:103,0
DA:110,0
DA:111,0
DA:118,0
DA:119,0
DA:142,0
DA:143,0
DA:152,0
DA:153,0
DA:170,0
DA:171,0
LF:22
LH:0
BRDA:39,0,0,0
BRDA:39,0,1,0
BRDA:110,1,0,0
BRDA:110,1,1,0
BRF:4
BRH:0
end_of_record
TN:
SF:src\api\floorApi.ts
FN:29,(anonymous_0)
FN:35,(anonymous_1)
FN:41,(anonymous_2)
FN:47,(anonymous_3)
FNF:4
FNH:0
FNDA:0,(anonymous_0)
FNDA:0,(anonymous_1)
FNDA:0,(anonymous_2)
FNDA:0,(anonymous_3)
DA:26,0
DA:30,0
DA:31,0
DA:36,0
DA:37,0
DA:42,0
DA:43,0
DA:48,0
DA:49,0
LF:9
LH:0
BRF:0
BRH:0
end_of_record
TN:
SF:src\api\galleryApi.ts
FN:13,mapImages
FN:14,(anonymous_1)
FN:29,mapImageList
FN:30,(anonymous_3)
FN:43,fetchGalleryImagesV1
FN:53,uploadRoomImagesV1
FN:59,(anonymous_6)
FN:67,setPrimaryImageV1
FN:71,deleteRoomImageV1
FN:75,reorderRoomImagesV1
FN:86,uploadRoomImages
FN:92,(anonymous_11)
FN:101,fetchGalleryImages
FN:111,setPrimaryImage
FN:116,deleteRoomImage
FNF:15
FNH:0
FNDA:0,mapImages
FNDA:0,(anonymous_1)
FNDA:0,mapImageList
FNDA:0,(anonymous_3)
FNDA:0,fetchGalleryImagesV1
FNDA:0,uploadRoomImagesV1
FNDA:0,(anonymous_6)
FNDA:0,setPrimaryImageV1
FNDA:0,deleteRoomImageV1
FNDA:0,reorderRoomImagesV1
FNDA:0,uploadRoomImages
FNDA:0,(anonymous_11)
FNDA:0,fetchGalleryImages
FNDA:0,setPrimaryImage
FNDA:0,deleteRoomImage
DA:14,0
DA:30,0
DA:31,0
DA:32,0
DA:46,0
DA:47,0
DA:58,0
DA:59,0
DA:61,0
DA:64,0
DA:68,0
DA:72,0
DA:79,0
DA:80,0
DA:91,0
DA:92,0
DA:94,0
DA:97,0
DA:102,0
DA:103,0
DA:104,0
DA:112,0
DA:117,0
LF:23
LH:0
BRDA:14,0,0,0
BRDA:14,0,1,0
BRDA:30,1,0,0
BRDA:30,1,1,0
BRDA:56,2,0,0
BRDA:64,3,0,0
BRDA:64,3,1,0
BRDA:80,4,0,0
BRDA:80,4,1,0
BRDA:89,5,0,0
BRDA:97,6,0,0
BRDA:97,6,1,0
BRF:12
BRH:0
end_of_record
TN:
SF:src\api\housekeepingApi.ts
FN:103,fetchHousekeepingScheduleV1
FN:123,fetchManagerHousekeepingTasksV1
FN:137,createHousekeepingTaskV1
FN:153,assignHousekeepingTaskV1
FN:173,cancelHousekeepingTaskV1
FN:195,fetchEmployeeHousekeepingTasks
FN:204,startEmployeeHousekeepingTask
FN:208,finishEmployeeHousekeepingTask
FNF:8
FNH:0
FNDA:0,fetchHousekeepingScheduleV1
FNDA:0,fetchManagerHousekeepingTasksV1
FNDA:0,createHousekeepingTaskV1
FNDA:0,assignHousekeepingTaskV1
FNDA:0,cancelHousekeepingTaskV1
FNDA:0,fetchEmployeeHousekeepingTasks
FNDA:0,startEmployeeHousekeepingTask
FNDA:0,finishEmployeeHousekeepingTask
DA:111,0
DA:117,0
DA:129,0
DA:131,0
DA:145,0
DA:147,0
DA:161,0
DA:167,0
DA:177,0
DA:180,0
DA:200,0
DA:201,0
DA:205,0
DA:209,0
LF:14
LH:0
BRDA:113,0,0,0
BRDA:113,0,1,0
BRDA:178,1,0,0
BRDA:178,1,1,0
BRF:4
BRH:0
end_of_record
TN:
SF:src\api\maintenanceApi.ts
FN:28,(anonymous_0)
FN:33,(anonymous_1)
FN:38,(anonymous_2)
FN:43,(anonymous_3)
FN:48,(anonymous_4)
FN:53,(anonymous_5)
FN:58,(anonymous_6)
FNF:7
FNH:0
FNDA:0,(anonymous_0)
FNDA:0,(anonymous_1)
FNDA:0,(anonymous_2)
FNDA:0,(anonymous_3)
FNDA:0,(anonymous_4)
FNDA:0,(anonymous_5)
FNDA:0,(anonymous_6)
DA:27,0
DA:29,0
DA:30,0
DA:34,0
DA:35,0
DA:39,0
DA:40,0
DA:44,0
DA:45,0
DA:49,0
DA:50,0
DA:54,0
DA:55,0
DA:59,0
DA:60,0
LF:15
LH:0
BRF:0
BRH:0
end_of_record
TN:
SF:src\api\managerApi.ts
FN:62,(anonymous_0)
FN:68,(anonymous_1)
FN:102,(anonymous_2)
FN:106,(anonymous_3)
FN:110,(anonymous_4)
FN:114,(anonymous_5)
FNF:6
FNH:0
FNDA:0,(anonymous_0)
FNDA:0,(anonymous_1)
FNDA:0,(anonymous_2)
FNDA:0,(anonymous_3)
FNDA:0,(anonymous_4)
FNDA:0,(anonymous_5)
DA:57,0
DA:63,0
DA:64,0
DA:69,0
DA:70,0
DA:101,0
DA:103,0
DA:104,0
DA:107,0
DA:108,0
DA:111,0
DA:112,0
DA:115,0
LF:13
LH:0
BRDA:104,0,0,0
BRDA:104,0,1,0
BRF:2
BRH:0
end_of_record
TN:
SF:src\api\managerDamageApi.ts
FN:47,fetchManagerDamageReportsV1
FN:54,fetchManagerDamageReportDetailV1
FN:61,approveDamageReportV1
FN:69,rejectDamageReportV1
FNF:4
FNH:0
FNDA:0,fetchManagerDamageReportsV1
FNDA:0,fetchManagerDamageReportDetailV1
FNDA:0,approveDamageReportV1
FNDA:0,rejectDamageReportV1
DA:50,0
DA:51,0
DA:57,0
DA:58,0
DA:65,0
DA:66,0
DA:73,0
DA:74,0
LF:8
LH:0
BRF:0
BRH:0
end_of_record
TN:
SF:src\api\managerEmployeeApi.ts
FN:30,fetchManagerEmployeesV1
FN:37,fetchUnassignedEmployeesV1
FN:44,assignEmployeeV1
FN:52,createEmployeeV1
FN:62,updateEmployeeV1
FN:70,updateEmployeeStatusV1
FNF:6
FNH:0
FNDA:0,fetchManagerEmployeesV1
FNDA:0,fetchUnassignedEmployeesV1
FNDA:0,assignEmployeeV1
FNDA:0,createEmployeeV1
FNDA:0,updateEmployeeV1
FNDA:0,updateEmployeeStatusV1
DA:33,0
DA:34,0
DA:40,0
DA:41,0
DA:48,0
DA:49,0
DA:58,0
DA:59,0
DA:66,0
DA:67,0
DA:74,0
DA:75,0
LF:12
LH:0
BRF:0
BRH:0
end_of_record
TN:
SF:src\api\managerInspectionApi.ts
FN:35,fetchManagerInspectionsV1
FNF:1
FNH:0
FNDA:0,fetchManagerInspectionsV1
DA:38,0
DA:39,0
LF:2
LH:0
BRF:0
BRH:0
end_of_record
TN:
SF:src\api\managerMaintenanceApi.ts
FN:39,fetchManagerMaintenanceTasksV1
FN:46,assignMaintenanceTaskV1
FN:56,updateMaintenanceTaskStatusV1
FNF:3
FNH:0
FNDA:0,fetchManagerMaintenanceTasksV1
FNDA:0,assignMaintenanceTaskV1
FNDA:0,updateMaintenanceTaskStatusV1
DA:42,0
DA:43,0
DA:50,0
DA:53,0
DA:60,0
DA:61,0
LF:6
LH:0
BRF:0
BRH:0
end_of_record
TN:
SF:src\api\notificationApi.ts
FN:30,(anonymous_0)
FN:36,(anonymous_1)
FN:42,(anonymous_2)
FN:48,(anonymous_3)
FN:54,(anonymous_4)
FN:60,(anonymous_5)
FN:66,(anonymous_6)
FNF:7
FNH:0
FNDA:0,(anonymous_0)
FNDA:0,(anonymous_1)
FNDA:0,(anonymous_2)
FNDA:0,(anonymous_3)
FNDA:0,(anonymous_4)
FNDA:0,(anonymous_5)
FNDA:0,(anonymous_6)
DA:28,0
DA:31,0
DA:32,0
DA:37,0
DA:38,0
DA:43,0
DA:44,0
DA:49,0
DA:50,0
DA:55,0
DA:56,0
DA:61,0
DA:62,0
DA:67,0
DA:68,0
LF:15
LH:0
BRF:0
BRH:0
end_of_record
TN:
SF:src\api\paymentApi.ts
FN:60,fetchManagerPaymentsV1
FN:69,(anonymous_1)
FN:74,(anonymous_2)
FN:79,(anonymous_3)
FN:84,(anonymous_4)
FN:89,(anonymous_5)
FNF:6
FNH:0
FNDA:0,fetchManagerPaymentsV1
FNDA:0,(anonymous_1)
FNDA:0,(anonymous_2)
FNDA:0,(anonymous_3)
FNDA:0,(anonymous_4)
FNDA:0,(anonymous_5)
DA:63,0
DA:64,0
DA:67,0
DA:70,0
DA:71,0
DA:75,0
DA:76,0
DA:80,0
DA:81,0
DA:85,0
DA:86,0
DA:90,0
DA:91,0
LF:13
LH:0
BRF:0
BRH:0
end_of_record
TN:
SF:src\api\propertyApi.ts
FN:99,(anonymous_0)
FN:110,(anonymous_1)
FN:116,(anonymous_2)
FN:122,(anonymous_3)
FN:128,(anonymous_4)
FN:134,(anonymous_5)
FN:140,(anonymous_6)
FN:146,(anonymous_7)
FNF:8
FNH:0
FNDA:0,(anonymous_0)
FNDA:0,(anonymous_1)
FNDA:0,(anonymous_2)
FNDA:0,(anonymous_3)
FNDA:0,(anonymous_4)
FNDA:0,(anonymous_5)
FNDA:0,(anonymous_6)
FNDA:0,(anonymous_7)
DA:96,0
DA:105,0
DA:106,0
DA:111,0
DA:112,0
DA:117,0
DA:118,0
DA:123,0
DA:124,0
DA:129,0
DA:130,0
DA:135,0
DA:136,0
DA:141,0
DA:142,0
DA:147,0
DA:148,0
LF:17
LH:0
BRF:0
BRH:0
end_of_record
TN:
SF:src\api\publicApi.ts
FN:59,fetchFeaturedProperties
FN:64,fetchFeaturedRooms
FN:69,fetchPlatformStats
FN:74,fetchSearchSuggestions
FN:79,fetchPromotions
FNF:5
FNH:0
FNDA:0,fetchFeaturedProperties
FNDA:0,fetchFeaturedRooms
FNDA:0,fetchPlatformStats
FNDA:0,fetchSearchSuggestions
FNDA:0,fetchPromotions
DA:60,0
DA:61,0
DA:65,0
DA:66,0
DA:70,0
DA:71,0
DA:75,0
DA:76,0
DA:80,0
DA:81,0
LF:10
LH:0
BRDA:59,0,0,0
BRDA:61,1,0,0
BRDA:61,1,1,0
BRDA:64,2,0,0
BRDA:66,3,0,0
BRDA:66,3,1,0
BRDA:74,4,0,0
BRDA:81,5,0,0
BRDA:81,5,1,0
BRF:9
BRH:0
end_of_record
TN:
SF:src\api\reportApi.ts
FN:122,(anonymous_0)
FN:135,(anonymous_1)
FN:141,(anonymous_2)
FN:147,(anonymous_3)
FN:160,(anonymous_4)
FNF:5
FNH:0
FNDA:0,(anonymous_0)
FNDA:0,(anonymous_1)
FNDA:0,(anonymous_2)
FNDA:0,(anonymous_3)
FNDA:0,(anonymous_4)
DA:116,0
DA:124,0
DA:125,0
DA:126,0
DA:127,0
DA:128,0
DA:130,0
DA:131,0
DA:136,0
DA:137,0
DA:142,0
DA:143,0
DA:148,0
DA:156,0
DA:161,0
DA:169,0
LF:16
LH:0
BRDA:122,0,0,0
BRDA:125,1,0,0
BRDA:125,1,1,0
BRDA:126,2,0,0
BRDA:126,2,1,0
BRDA:127,3,0,0
BRDA:127,3,1,0
BRDA:128,4,0,0
BRDA:128,4,1,0
BRDA:153,5,0,0
BRDA:153,5,1,0
BRDA:166,6,0,0
BRDA:166,6,1,0
BRF:13
BRH:0
end_of_record
TN:
SF:src\api\reviewApi.ts
FN:30,(anonymous_0)
FN:35,(anonymous_1)
FN:40,(anonymous_2)
FN:45,(anonymous_3)
FN:50,(anonymous_4)
FNF:5
FNH:0
FNDA:0,(anonymous_0)
FNDA:0,(anonymous_1)
FNDA:0,(anonymous_2)
FNDA:0,(anonymous_3)
FNDA:0,(anonymous_4)
DA:29,0
DA:31,0
DA:32,0
DA:36,0
DA:37,0
DA:41,0
DA:42,0
DA:46,0
DA:47,0
DA:51,0
DA:52,0
LF:11
LH:0
BRF:0
BRH:0
end_of_record
TN:
SF:src\api\roomsApi.ts
FN:53,sortToApi
FN:65,fetchRooms
FN:79,fetchRoomsManager
FN:85,fetchManagerRoomsV1
FN:99,deleteRoom
FN:103,fetchPropertyOptions
FN:107,(anonymous_6)
FN:151,fetchRoomById
FN:167,fetchRoomCalendar
FN:178,fetchRoomMonthAvailability
FN:197,fetchRoomReviews
FN:202,fetchPriceStats
FN:207,checkRoomAvailability
FN:241,fetchRoomBookings
FN:278,createRoom
FN:283,createRoomV1
FN:288,fetchManagerRoomV1
FN:294,updateRoom
FN:299,updateRoomV1
FN:313,updateRoomStatus
FN:321,updateRoomStatusV1
FNF:21
FNH:0
FNDA:0,sortToApi
FNDA:0,fetchRooms
FNDA:0,fetchRoomsManager
FNDA:0,fetchManagerRoomsV1
FNDA:0,deleteRoom
FNDA:0,fetchPropertyOptions
FNDA:0,(anonymous_6)
FNDA:0,fetchRoomById
FNDA:0,fetchRoomCalendar
FNDA:0,fetchRoomMonthAvailability
FNDA:0,fetchRoomReviews
FNDA:0,fetchPriceStats
FNDA:0,checkRoomAvailability
FNDA:0,fetchRoomBookings
FNDA:0,createRoom
FNDA:0,createRoomV1
FNDA:0,fetchManagerRoomV1
FNDA:0,updateRoom
FNDA:0,updateRoomV1
FNDA:0,updateRoomStatus
FNDA:0,updateRoomStatusV1
DA:51,0
DA:54,0
DA:56,0
DA:58,0
DA:60,0
DA:66,0
DA:67,0
DA:74,0
DA:80,0
DA:81,0
DA:86,0
DA:87,0
DA:88,0
DA:89,0
DA:90,0
DA:91,0
DA:92,0
DA:93,0
DA:94,0
DA:95,0
DA:100,0
DA:104,0
DA:107,0
DA:152,0
DA:153,0
DA:168,0
DA:169,0
DA:183,0
DA:186,0
DA:198,0
DA:199,0
DA:203,0
DA:204,0
DA:212,0
DA:213,0
DA:246,0
DA:249,0
DA:279,0
DA:280,0
DA:284,0
DA:285,0
DA:289,0
DA:290,0
DA:295,0
DA:296,0
DA:300,0
DA:301,0
DA:317,0
DA:318,0
DA:325,0
DA:326,0
LF:51
LH:0
BRDA:54,0,0,0
BRDA:54,0,1,0
BRDA:54,0,2,0
BRDA:71,1,0,0
BRDA:71,1,1,0
BRDA:87,2,0,0
BRDA:87,2,1,0
BRDA:88,3,0,0
BRDA:88,3,1,0
BRDA:89,4,0,0
BRDA:89,4,1,0
BRDA:90,5,0,0
BRDA:90,5,1,0
BRDA:91,6,0,0
BRDA:91,6,1,0
BRDA:92,7,0,0
BRDA:92,7,1,0
BRDA:93,8,0,0
BRDA:93,8,1,0
BRDA:197,9,0,0
BRDA:197,10,0,0
BRDA:243,11,0,0
BRDA:244,12,0,0
BRF:23
BRH:0
end_of_record
TN:
SF:src\api\usersApi.ts
FN:27,fetchMyProfile
FN:32,updateMyProfile
FN:37,changeMyPassword
FN:72,(anonymous_3)
FN:77,(anonymous_4)
FN:82,(anonymous_5)
FNF:6
FNH:0
FNDA:0,fetchMyProfile
FNDA:0,updateMyProfile
FNDA:0,changeMyPassword
FNDA:0,(anonymous_3)
FNDA:0,(anonymous_4)
FNDA:0,(anonymous_5)
DA:28,0
DA:29,0
DA:33,0
DA:34,0
DA:38,0
DA:71,0
DA:73,0
DA:74,0
DA:78,0
DA:79,0
DA:83,0
DA:84,0
LF:12
LH:0
BRF:0
BRH:0
end_of_record
TN:
SF:src\components\GuestRoute.tsx
FN:14,GuestRoute
FNF:1
FNH:1
FNDA:2,GuestRoute
DA:15,2
DA:17,2
DA:18,1
DA:21,1
LF:4
LH:4
BRDA:17,0,0,1
BRDA:17,0,1,1
BRF:2
BRH:2
end_of_record
TN:
SF:src\components\ManagerRedirectRoute.tsx
FN:17,ManagerRedirectRoute
FNF:1
FNH:0
FNDA:0,ManagerRedirectRoute
DA:18,0
DA:20,0
DA:21,0
DA:24,0
LF:4
LH:0
BRDA:20,0,0,0
BRDA:20,0,1,0
BRDA:20,1,0,0
BRDA:20,1,1,0
BRF:4
BRH:0
end_of_record
TN:
SF:src\components\PhotoLightbox.tsx
FN:8,(anonymous_0)
FN:17,(anonymous_1)
FN:20,(anonymous_2)
FN:26,(anonymous_3)
FN:27,(anonymous_4)
FN:37,(anonymous_5)
FN:46,(anonymous_6)
FN:63,(anonymous_7)
FN:73,(anonymous_8)
FN:74,(anonymous_9)
FN:89,(anonymous_10)
FNF:11
FNH:0
FNDA:0,(anonymous_0)
FNDA:0,(anonymous_1)
FNDA:0,(anonymous_2)
FNDA:0,(anonymous_3)
FNDA:0,(anonymous_4)
FNDA:0,(anonymous_5)
FNDA:0,(anonymous_6)
FNDA:0,(anonymous_7)
FNDA:0,(anonymous_8)
FNDA:0,(anonymous_9)
FNDA:0,(anonymous_10)
DA:8,0
DA:9,0
DA:11,0
DA:13,0
DA:18,0
DA:20,0
DA:26,0
DA:27,0
DA:37,0
DA:46,0
DA:63,0
DA:73,0
DA:74,0
DA:89,0
LF:14
LH:0
BRDA:11,0,0,0
BRDA:11,0,1,0
BRDA:11,1,0,0
BRDA:11,1,1,0
BRDA:35,2,0,0
BRDA:35,2,1,0
BRF:6
BRH:0
end_of_record
TN:
SF:src\components\ProtectedRoute.tsx
FN:28,ProtectedRoute
FNF:1
FNH:0
FNDA:0,ProtectedRoute
DA:13,0
DA:29,0
DA:30,0
DA:33,0
DA:34,0
DA:43,0
DA:44,0
DA:45,0
DA:48,0
LF:9
LH:0
BRDA:33,0,0,0
BRDA:33,0,1,0
BRDA:43,1,0,0
BRDA:43,1,1,0
BRDA:44,2,0,0
BRDA:44,2,1,0
BRDA:44,3,0,0
BRDA:44,3,1,0
BRF:8
BRH:0
end_of_record
TN:
SF:src\components\booking\BookingStatusBadge.tsx
FN:9,BookingStatusBadge
FN:14,formatBookingDates
FN:15,(anonymous_2)
FNF:3
FNH:0
FNDA:0,BookingStatusBadge
FNDA:0,formatBookingDates
FNDA:0,(anonymous_2)
DA:1,0
DA:10,0
DA:11,0
DA:15,0
DA:16,0
DA:21,0
LF:6
LH:0
BRDA:10,0,0,0
BRDA:10,0,1,0
BRF:2
BRH:0
end_of_record
TN:
SF:src\components\profile\ProfileLayout.tsx
FN:6,ProfileLayout
FN:7,(anonymous_1)
FNF:2
FNH:0
FNDA:0,ProfileLayout
FNDA:0,(anonymous_1)
DA:7,0
DA:8,0
DA:9,0
DA:11,0
LF:4
LH:0
BRDA:8,0,0,0
BRDA:8,0,1,0
BRF:2
BRH:0
end_of_record
TN:
SF:src\components\public\BannerCarousel.tsx
FN:17,BannerCarousel
FN:28,(anonymous_1)
FN:36,(anonymous_2)
FN:37,(anonymous_3)
FN:39,(anonymous_4)
FN:41,(anonymous_5)
FN:42,(anonymous_6)
FN:45,(anonymous_7)
FN:46,onKeyDown
FN:51,(anonymous_9)
FN:60,handleTouchStart
FN:64,handleTouchEnd
FN:77,(anonymous_12)
FN:78,(anonymous_13)
FNF:14
FNH:0
FNDA:0,BannerCarousel
FNDA:0,(anonymous_1)
FNDA:0,(anonymous_2)
FNDA:0,(anonymous_3)
FNDA:0,(anonymous_4)
FNDA:0,(anonymous_5)
FNDA:0,(anonymous_6)
FNDA:0,(anonymous_7)
FNDA:0,onKeyDown
FNDA:0,(anonymous_9)
FNDA:0,handleTouchStart
FNDA:0,handleTouchEnd
FNDA:0,(anonymous_12)
FNDA:0,(anonymous_13)
DA:24,0
DA:25,0
DA:26,0
DA:28,0
DA:30,0
DA:31,0
DA:36,0
DA:37,0
DA:39,0
DA:40,0
DA:41,0
DA:42,0
DA:45,0
DA:47,0
DA:48,0
DA:50,0
DA:51,0
DA:54,0
DA:56,0
DA:57,0
DA:58,0
DA:61,0
DA:65,0
DA:66,0
DA:67,0
DA:68,0
DA:69,0
DA:70,0
DA:73,0
DA:77,0
DA:78,0
LF:31
LH:0
BRDA:21,0,0,0
BRDA:30,1,0,0
BRDA:30,1,1,0
BRDA:40,2,0,0
BRDA:40,2,1,0
BRDA:40,3,0,0
BRDA:40,3,1,0
BRDA:40,3,2,0
BRDA:47,4,0,0
BRDA:47,4,1,0
BRDA:48,5,0,0
BRDA:48,5,1,0
BRDA:54,6,0,0
BRDA:54,6,1,0
BRDA:61,7,0,0
BRDA:61,7,1,0
BRDA:65,8,0,0
BRDA:65,8,1,0
BRDA:66,9,0,0
BRDA:66,9,1,0
BRDA:68,10,0,0
BRDA:68,10,1,0
BRDA:69,11,0,0
BRDA:69,11,1,0
BRDA:80,12,0,0
BRDA:80,12,1,0
BRDA:105,13,0,0
BRDA:105,13,1,0
BRDA:117,14,0,0
BRDA:117,14,1,0
BRF:30
BRH:0
end_of_record
TN:
SF:src\components\rooms\RoomAvailabilityCalendar.tsx
FN:32,inSelectedRange
FN:38,RoomCalendarLegend
FN:41,(anonymous_2)
FN:54,MonthGrid
FN:77,(anonymous_4)
FN:80,cellStyle
FN:115,handleClick
FN:124,(anonymous_7)
FN:129,(anonymous_8)
FN:135,(anonymous_9)
FN:136,(anonymous_10)
FN:147,RoomAvailabilityCalendar
FN:165,goPrev
FN:171,goNext
FNF:14
FNH:0
FNDA:0,inSelectedRange
FNDA:0,RoomCalendarLegend
FNDA:0,(anonymous_2)
FNDA:0,MonthGrid
FNDA:0,(anonymous_4)
FNDA:0,cellStyle
FNDA:0,handleClick
FNDA:0,(anonymous_7)
FNDA:0,(anonymous_8)
FNDA:0,(anonymous_9)
FNDA:0,(anonymous_10)
FNDA:0,RoomAvailabilityCalendar
FNDA:0,goPrev
FNDA:0,goNext
DA:33,0
DA:34,0
DA:35,0
DA:39,0
DA:42,0
DA:73,0
DA:74,0
DA:75,0
DA:77,0
DA:81,0
DA:82,0
DA:83,0
DA:84,0
DA:85,0
DA:87,0
DA:88,0
DA:96,0
DA:97,0
DA:106,0
DA:116,0
DA:117,0
DA:118,0
DA:119,0
DA:122,0
DA:125,0
DA:130,0
DA:135,0
DA:136,0
DA:160,0
DA:161,0
DA:163,0
DA:166,0
DA:167,0
DA:168,0
DA:172,0
DA:173,0
DA:174,0
DA:177,0
LF:38
LH:0
BRDA:33,0,0,0
BRDA:33,0,1,0
BRDA:34,1,0,0
BRDA:34,1,1,0
BRDA:35,2,0,0
BRDA:35,2,1,0
BRDA:81,3,0,0
BRDA:81,3,1,0
BRDA:85,4,0,0
BRDA:85,4,1,0
BRDA:87,5,0,0
BRDA:87,5,1,0
BRDA:96,6,0,0
BRDA:96,6,1,0
BRDA:110,7,0,0
BRDA:110,7,1,0
BRDA:116,8,0,0
BRDA:116,8,1,0
BRDA:116,9,0,0
BRDA:116,9,1,0
BRDA:116,9,2,0
BRDA:118,10,0,0
BRDA:118,10,1,0
BRDA:132,11,0,0
BRDA:132,11,1,0
BRDA:132,12,0,0
BRDA:132,12,1,0
BRDA:133,13,0,0
BRDA:133,13,1,0
BRDA:133,14,0,0
BRDA:133,14,1,0
BRDA:136,15,0,0
BRDA:136,15,1,0
BRDA:136,15,2,0
BRDA:136,15,3,0
BRDA:136,15,4,0
BRDA:138,16,0,0
BRDA:138,16,1,0
BRDA:140,17,0,0
BRDA:140,17,1,0
BRDA:153,18,0,0
BRDA:154,19,0,0
BRDA:157,20,0,0
BRDA:158,21,0,0
BRDA:163,22,0,0
BRDA:163,22,1,0
BRDA:163,22,2,0
BRDA:166,23,0,0
BRDA:166,23,1,0
BRDA:166,24,0,0
BRDA:166,24,1,0
BRDA:172,25,0,0
BRDA:172,25,1,0
BRDA:180,26,0,0
BRDA:180,26,1,0
BRDA:196,27,0,0
BRDA:196,27,1,0
BRDA:221,28,0,0
BRDA:221,28,1,0
BRF:59
BRH:0
end_of_record
TN:
SF:src\components\rooms\RoomSearchCard.tsx
FN:5,StatusBadge
FN:17,StarRating
FN:20,(anonymous_2)
FN:37,RoomSearchCard
FN:52,(anonymous_4)
FN:56,(anonymous_5)
FN:103,RoomCardSkeleton
FNF:7
FNH:0
FNDA:0,StatusBadge
FNDA:0,StarRating
FNDA:0,(anonymous_2)
FNDA:0,RoomSearchCard
FNDA:0,(anonymous_4)
FNDA:0,(anonymous_5)
FNDA:0,RoomCardSkeleton
DA:6,0
DA:13,0
DA:14,0
DA:18,0
DA:21,0
DA:38,0
DA:39,0
DA:41,0
DA:53,0
DA:54,0
DA:57,0
DA:58,0
DA:104,0
LF:13
LH:0
BRDA:13,0,0,0
BRDA:13,0,1,0
BRDA:21,1,0,0
BRDA:21,1,1,0
BRDA:37,2,0,0
BRDA:38,3,0,0
BRDA:38,3,1,0
BRDA:39,4,0,0
BRDA:39,4,1,0
BRDA:74,5,0,0
BRDA:74,5,1,0
BRDA:83,6,0,0
BRDA:83,6,1,0
BRF:13
BRH:0
end_of_record
TN:
SF:src\components\ui\Alert.tsx
FN:46,Alert
FNF:1
FNH:0
FNDA:0,Alert
DA:16,0
DA:23,0
DA:47,0
LF:3
LH:0
BRDA:46,0,0,0
BRDA:53,1,0,0
BRDA:53,1,1,0
BRDA:56,2,0,0
BRDA:56,2,1,0
BRF:5
BRH:0
end_of_record
TN:
SF:src\components\ui\Button.tsx
FN:62,Button
FNF:1
FNH:0
FNDA:0,Button
DA:18,0
DA:56,0
DA:72,0
LF:3
LH:0
BRDA:63,0,0,0
BRDA:64,1,0,0
BRDA:65,2,0,0
BRDA:66,3,0,0
BRDA:67,4,0,0
BRDA:80,5,0,0
BRDA:80,5,1,0
BRDA:83,6,0,0
BRDA:83,6,1,0
BRDA:86,7,0,0
BRDA:86,7,1,0
BRF:11
BRH:0
end_of_record
TN:
SF:src\components\ui\Card.tsx
FN:18,Card
FNF:1
FNH:0
FNDA:0,Card
DA:11,0
DA:25,0
LF:2
LH:0
BRDA:20,0,0,0
BRDA:21,1,0,0
BRDA:22,2,0,0
BRDA:23,3,0,0
BRDA:31,4,0,0
BRDA:31,4,1,0
BRDA:32,5,0,0
BRDA:32,5,1,0
BRF:8
BRH:0
end_of_record
TN:
SF:src\components\ui\Checkbox.tsx
FN:8,Checkbox
FNF:1
FNH:0
FNDA:0,Checkbox
DA:9,0
DA:11,0
LF:2
LH:0
BRDA:9,0,0,0
BRDA:9,0,1,0
BRDA:9,1,0,0
BRDA:9,1,1,0
BRDA:20,2,0,0
BRDA:20,2,1,0
BRDA:38,3,0,0
BRDA:38,3,1,0
BRDA:45,4,0,0
BRDA:45,4,1,0
BRF:10
BRH:0
end_of_record
TN:
SF:src\components\ui\DataTable.tsx
FN:35,DataTable
FN:47,(anonymous_1)
FN:56,(anonymous_2)
FN:72,(anonymous_3)
FN:78,(anonymous_4)
FN:80,(anonymous_5)
FN:89,(anonymous_6)
FN:90,(anonymous_7)
FN:94,(anonymous_8)
FN:102,(anonymous_9)
FN:106,(anonymous_10)
FNF:11
FNH:0
FNDA:0,DataTable
FNDA:0,(anonymous_1)
FNDA:0,(anonymous_2)
FNDA:0,(anonymous_3)
FNDA:0,(anonymous_4)
FNDA:0,(anonymous_5)
FNDA:0,(anonymous_6)
FNDA:0,(anonymous_7)
FNDA:0,(anonymous_8)
FNDA:0,(anonymous_9)
FNDA:0,(anonymous_10)
DA:45,0
DA:47,0
DA:48,0
DA:51,0
DA:57,0
DA:73,0
DA:74,0
DA:78,0
DA:81,0
DA:89,0
DA:90,0
DA:94,0
DA:103,0
DA:107,0
DA:108,0
LF:15
LH:0
BRDA:40,0,0,0
BRDA:48,1,0,0
BRDA:48,1,1,0
BRDA:64,2,0,0
BRDA:64,2,1,0
BRDA:64,2,2,0
BRDA:77,3,0,0
BRDA:77,3,1,0
BRDA:77,4,0,0
BRDA:77,4,1,0
BRDA:78,5,0,0
BRDA:78,5,1,0
BRDA:81,6,0,0
BRDA:81,6,1,0
BRDA:82,7,0,0
BRDA:82,7,1,0
BRDA:86,8,0,0
BRDA:86,8,1,0
BRDA:86,8,2,0
BRDA:100,9,0,0
BRDA:100,9,1,0
BRDA:105,10,0,0
BRDA:105,10,1,0
BRDA:121,11,0,0
BRDA:121,11,1,0
BRDA:123,12,0,0
BRDA:123,12,1,0
BRDA:129,13,0,0
BRDA:129,13,1,0
BRF:29
BRH:0
end_of_record
TN:
SF:src\components\ui\Drawer.tsx
FN:18,(anonymous_0)
FN:19,(anonymous_1)
FN:25,(anonymous_2)
FNF:3
FNH:0
FNDA:0,(anonymous_0)
FNDA:0,(anonymous_1)
FNDA:0,(anonymous_2)
DA:18,0
DA:19,0
DA:20,0
DA:21,0
DA:23,0
DA:25,0
DA:28,0
DA:30,0
LF:8
LH:0
BRDA:18,0,0,0
BRDA:20,1,0,0
BRDA:20,1,1,0
BRDA:28,2,0,0
BRDA:28,2,1,0
BRDA:61,3,0,0
BRDA:61,3,1,0
BRF:7
BRH:0
end_of_record
TN:
SF:src\components\ui\ImageGallerySlider.tsx
FN:10,ImageGallerySlider
FN:11,(anonymous_1)
FN:14,(anonymous_2)
FN:15,(anonymous_3)
FN:21,(anonymous_4)
FN:25,(anonymous_5)
FN:27,(anonymous_6)
FN:56,(anonymous_7)
FN:78,(anonymous_8)
FN:125,(anonymous_9)
FN:129,(anonymous_10)
FNF:11
FNH:0
FNDA:0,ImageGallerySlider
FNDA:0,(anonymous_1)
FNDA:0,(anonymous_2)
FNDA:0,(anonymous_3)
FNDA:0,(anonymous_4)
FNDA:0,(anonymous_5)
FNDA:0,(anonymous_6)
FNDA:0,(anonymous_7)
FNDA:0,(anonymous_8)
FNDA:0,(anonymous_9)
FNDA:0,(anonymous_10)
DA:11,0
DA:12,0
DA:14,0
DA:15,0
DA:16,0
DA:19,0
DA:21,0
DA:22,0
DA:25,0
DA:27,0
DA:32,0
DA:34,0
DA:56,0
DA:78,0
DA:126,0
DA:129,0
LF:16
LH:0
BRDA:14,0,0,0
BRDA:14,0,1,0
BRDA:14,1,0,0
BRDA:14,1,1,0
BRDA:16,2,0,0
BRDA:16,2,1,0
BRDA:51,3,0,0
BRDA:51,3,1,0
BRDA:116,4,0,0
BRDA:116,4,1,0
BRDA:135,5,0,0
BRDA:135,5,1,0
BRDA:138,6,0,0
BRDA:138,6,1,0
BRF:14
BRH:0
end_of_record
TN:
SF:src\components\ui\Input.tsx
FN:15,(anonymous_0)
FNF:1
FNH:0
FNDA:0,(anonymous_0)
DA:15,0
DA:17,0
DA:19,0
DA:68,0
LF:4
LH:0
BRDA:16,0,0,0
BRDA:17,1,0,0
BRDA:17,1,1,0
BRDA:21,2,0,0
BRDA:21,2,1,0
BRDA:23,3,0,0
BRDA:23,3,1,0
BRDA:27,4,0,0
BRDA:27,4,1,0
BRDA:44,5,0,0
BRDA:44,5,1,0
BRDA:45,6,0,0
BRDA:45,6,1,0
BRDA:48,7,0,0
BRDA:48,7,1,0
BRDA:49,8,0,0
BRDA:49,8,1,0
BRDA:49,9,0,0
BRDA:49,9,1,0
BRDA:53,10,0,0
BRDA:53,10,1,0
BRDA:58,11,0,0
BRDA:58,11,1,0
BRDA:58,11,2,0
BRF:24
BRH:0
end_of_record
TN:
SF:src\components\ui\KpiCard.tsx
FN:22,(anonymous_0)
FNF:1
FNH:0
FNDA:0,(anonymous_0)
DA:22,0
DA:23,0
LF:2
LH:0
BRDA:22,0,0,0
BRDA:22,1,0,0
BRDA:24,2,0,0
BRDA:24,2,1,0
BRDA:35,3,0,0
BRDA:35,3,1,0
BRDA:36,4,0,0
BRDA:36,4,1,0
BRDA:37,5,0,0
BRDA:37,5,1,0
BRF:10
BRH:0
end_of_record
TN:
SF:src\components\ui\Modal.tsx
FN:23,Modal
FN:24,(anonymous_1)
FN:30,(anonymous_2)
FN:68,(anonymous_3)
FNF:4
FNH:0
FNDA:0,Modal
FNDA:0,(anonymous_1)
FNDA:0,(anonymous_2)
FNDA:0,(anonymous_3)
DA:17,0
DA:24,0
DA:25,0
DA:26,0
DA:28,0
DA:30,0
DA:33,0
DA:35,0
DA:69,0
LF:9
LH:0
BRDA:23,0,0,0
BRDA:25,1,0,0
BRDA:25,1,1,0
BRDA:33,2,0,0
BRDA:33,2,1,0
BRDA:66,3,0,0
BRDA:66,3,1,0
BRDA:66,3,2,0
BRDA:72,4,0,0
BRDA:72,4,1,0
BRF:10
BRH:0
end_of_record
TN:
SF:src\components\ui\Pagination.tsx
FN:7,pageNumbers
FN:9,(anonymous_1)
FN:22,Pagination
FN:37,(anonymous_3)
FN:43,(anonymous_4)
FN:54,(anonymous_5)
FN:66,(anonymous_6)
FNF:7
FNH:0
FNDA:0,pageNumbers
FNDA:0,(anonymous_1)
FNDA:0,Pagination
FNDA:0,(anonymous_3)
FNDA:0,(anonymous_4)
FNDA:0,(anonymous_5)
FNDA:0,(anonymous_6)
DA:8,0
DA:9,0
DA:11,0
DA:12,0
DA:13,0
DA:15,0
DA:16,0
DA:17,0
DA:18,0
DA:19,0
DA:23,0
DA:25,0
DA:27,0
DA:37,0
DA:44,0
DA:54,0
DA:66,0
LF:17
LH:0
BRDA:8,0,0,0
BRDA:8,0,1,0
BRDA:15,1,0,0
BRDA:15,1,1,0
BRDA:17,2,0,0
BRDA:17,2,1,0
BRDA:18,3,0,0
BRDA:18,3,1,0
BRDA:23,4,0,0
BRDA:23,4,1,0
BRDA:44,5,0,0
BRDA:44,5,1,0
BRDA:52,6,0,0
BRDA:52,6,1,0
BRDA:55,7,0,0
BRDA:55,7,1,0
BRF:16
BRH:0
end_of_record
TN:
SF:src\components\ui\RoomCard.tsx
FN:25,formatPrice
FN:29,RoomCard
FN:33,handleSave
FN:36,(anonymous_3)
FN:59,(anonymous_4)
FN:60,(anonymous_5)
FN:111,(anonymous_6)
FN:135,(anonymous_7)
FN:136,(anonymous_8)
FNF:9
FNH:0
FNDA:0,formatPrice
FNDA:0,RoomCard
FNDA:0,handleSave
FNDA:0,(anonymous_3)
FNDA:0,(anonymous_4)
FNDA:0,(anonymous_5)
FNDA:0,(anonymous_6)
FNDA:0,(anonymous_7)
FNDA:0,(anonymous_8)
DA:26,0
DA:30,0
DA:31,0
DA:34,0
DA:35,0
DA:36,0
DA:37,0
DA:40,0
DA:46,0
DA:51,0
DA:52,0
DA:59,0
DA:60,0
DA:112,0
DA:128,0
DA:135,0
DA:136,0
LF:17
LH:0
BRDA:29,0,0,0
BRDA:29,1,0,0
BRDA:40,2,0,0
BRDA:40,2,1,0
BRDA:41,3,0,0
BRDA:41,3,1,0
BRDA:42,4,0,0
BRDA:42,4,1,0
BRDA:43,5,0,0
BRDA:43,5,1,0
BRDA:46,6,0,0
BRDA:46,6,1,0
BRDA:47,7,0,0
BRDA:47,7,1,0
BRDA:48,8,0,0
BRDA:48,8,1,0
BRDA:51,9,0,0
BRDA:51,9,1,0
BRDA:56,10,0,0
BRDA:56,10,1,0
BRDA:57,11,0,0
BRDA:57,11,1,0
BRDA:66,12,0,0
BRDA:66,12,1,0
BRDA:69,13,0,0
BRDA:69,13,1,0
BRDA:77,14,0,0
BRDA:77,14,1,0
BRDA:80,15,0,0
BRDA:80,15,1,0
BRDA:111,16,0,0
BRDA:111,16,1,0
BRDA:113,17,0,0
BRDA:113,17,1,0
BRDA:114,18,0,0
BRDA:114,18,1,0
BRDA:115,19,0,0
BRDA:115,19,1,0
BRDA:132,20,0,0
BRDA:132,20,1,0
BRDA:133,21,0,0
BRDA:133,21,1,0
BRDA:142,22,0,0
BRDA:142,22,1,0
BRDA:145,23,0,0
BRDA:145,23,1,0
BRDA:153,24,0,0
BRDA:153,24,1,0
BRDA:156,25,0,0
BRDA:156,25,1,0
BRF:50
BRH:0
end_of_record
TN:
SF:src\components\ui\RoomGallery.tsx
FN:11,RoomGallery
FN:12,(anonymous_1)
FN:15,(anonymous_2)
FN:16,(anonymous_3)
FN:19,(anonymous_4)
FN:24,(anonymous_5)
FN:43,(anonymous_6)
FN:49,(anonymous_7)
FN:76,(anonymous_8)
FN:82,(anonymous_9)
FN:112,(anonymous_10)
FN:117,(anonymous_11)
FN:131,(anonymous_12)
FNF:13
FNH:0
FNDA:0,RoomGallery
FNDA:0,(anonymous_1)
FNDA:0,(anonymous_2)
FNDA:0,(anonymous_3)
FNDA:0,(anonymous_4)
FNDA:0,(anonymous_5)
FNDA:0,(anonymous_6)
FNDA:0,(anonymous_7)
FNDA:0,(anonymous_8)
FNDA:0,(anonymous_9)
FNDA:0,(anonymous_10)
FNDA:0,(anonymous_11)
FNDA:0,(anonymous_12)
DA:12,0
DA:13,0
DA:15,0
DA:16,0
DA:19,0
DA:20,0
DA:21,0
DA:23,0
DA:24,0
DA:26,0
DA:43,0
DA:49,0
DA:77,0
DA:78,0
DA:82,0
DA:112,0
DA:117,0
DA:131,0
LF:18
LH:0
BRDA:15,0,0,0
BRDA:15,0,1,0
BRDA:15,1,0,0
BRDA:15,1,1,0
BRDA:19,2,0,0
BRDA:19,2,1,0
BRDA:31,3,0,0
BRDA:31,3,1,0
BRDA:45,4,0,0
BRDA:45,4,1,0
BRDA:66,5,0,0
BRDA:66,5,1,0
BRDA:84,6,0,0
BRDA:84,6,1,0
BRDA:99,7,0,0
BRDA:99,7,1,0
BRF:16
BRH:0
end_of_record
TN:
SF:src\components\ui\RoomMiniCalendar.tsx
FN:18,RoomMiniCalendar
FN:19,(anonymous_1)
FNF:2
FNH:0
FNDA:0,RoomMiniCalendar
FNDA:0,(anonymous_1)
DA:19,0
DA:20,0
DA:21,0
DA:22,0
DA:24,0
LF:5
LH:0
BRF:0
BRH:0
end_of_record
TN:
SF:src\components\ui\SafeImage.tsx
FN:9,SafeImage
FN:10,(anonymous_1)
FN:17,(anonymous_2)
FNF:3
FNH:0
FNDA:0,SafeImage
FNDA:0,(anonymous_1)
FNDA:0,(anonymous_2)
DA:10,0
DA:12,0
DA:18,0
DA:19,0
DA:21,0
LF:5
LH:0
BRDA:16,0,0,0
BRDA:16,0,1,0
BRDA:18,1,0,0
BRDA:18,1,1,0
BRF:4
BRH:0
end_of_record
TN:
SF:src\components\ui\Select.tsx
FN:11,(anonymous_0)
FN:50,(anonymous_1)
FNF:2
FNH:0
FNDA:0,(anonymous_0)
FNDA:0,(anonymous_1)
DA:11,0
DA:13,0
DA:15,0
DA:51,0
DA:70,0
LF:5
LH:0
BRDA:12,0,0,0
BRDA:13,1,0,0
BRDA:13,1,1,0
BRDA:17,2,0,0
BRDA:17,2,1,0
BRDA:19,3,0,0
BRDA:19,3,1,0
BRDA:23,4,0,0
BRDA:23,4,1,0
BRDA:41,5,0,0
BRDA:41,5,1,0
BRDA:42,6,0,0
BRDA:42,6,1,0
BRDA:45,7,0,0
BRDA:45,7,1,0
BRDA:46,8,0,0
BRDA:46,8,1,0
BRDA:46,9,0,0
BRDA:46,9,1,0
BRDA:55,10,0,0
BRDA:55,10,1,0
BRDA:60,11,0,0
BRDA:60,11,1,0
BRDA:60,11,2,0
BRF:24
BRH:0
end_of_record
TN:
SF:src\components\ui\StatusBadge.tsx
FN:14,(anonymous_0)
FNF:1
FNH:0
FNDA:0,(anonymous_0)
DA:14,0
DA:15,0
DA:24,0
DA:33,0
LF:4
LH:0
BRDA:14,0,0,0
BRF:1
BRH:0
end_of_record
TN:
SF:src\components\ui\Textarea.tsx
FN:12,(anonymous_0)
FNF:1
FNH:0
FNDA:0,(anonymous_0)
DA:12,0
DA:14,0
DA:16,0
DA:59,0
LF:4
LH:0
BRDA:13,0,0,0
BRDA:14,1,0,0
BRDA:14,1,1,0
BRDA:18,2,0,0
BRDA:18,2,1,0
BRDA:20,3,0,0
BRDA:20,3,1,0
BRDA:36,4,0,0
BRDA:36,4,1,0
BRDA:39,5,0,0
BRDA:39,5,1,0
BRDA:40,6,0,0
BRDA:40,6,1,0
BRDA:40,7,0,0
BRDA:40,7,1,0
BRDA:44,8,0,0
BRDA:44,8,1,0
BRDA:49,9,0,0
BRDA:49,9,1,0
BRDA:49,9,2,0
BRF:20
BRH:0
end_of_record
TN:
SF:src\components\ui\TreeView.tsx
FN:23,(anonymous_0)
FN:27,(anonymous_1)
FN:36,(anonymous_2)
FN:64,(anonymous_3)
FN:74,(anonymous_4)
FN:77,(anonymous_5)
FNF:6
FNH:0
FNDA:0,(anonymous_0)
FNDA:0,(anonymous_1)
FNDA:0,(anonymous_2)
FNDA:0,(anonymous_3)
FNDA:0,(anonymous_4)
FNDA:0,(anonymous_5)
DA:23,0
DA:24,0
DA:25,0
DA:27,0
DA:28,0
DA:29,0
DA:32,0
DA:37,0
DA:38,0
DA:65,0
DA:74,0
DA:75,0
DA:78,0
LF:13
LH:0
BRDA:25,0,0,0
BRDA:25,0,1,0
BRDA:25,0,2,0
BRDA:35,1,0,0
BRDA:35,1,1,0
BRDA:37,2,0,0
BRDA:37,2,1,0
BRDA:38,3,0,0
BRDA:38,3,1,0
BRDA:41,4,0,0
BRDA:41,4,1,0
BRDA:47,5,0,0
BRDA:47,5,1,0
BRDA:54,6,0,0
BRDA:54,6,1,0
BRDA:59,7,0,0
BRDA:59,7,1,0
BRDA:59,7,2,0
BRDA:59,7,3,0
BRDA:74,8,0,0
BRF:20
BRH:0
end_of_record
TN:
SF:src\components\ui\index.ts
FNF:0
FNH:0
LF:0
LH:0
BRF:0
BRH:0
end_of_record
TN:
SF:src\hooks\useProfilePaths.ts
FN:4,useProfilePaths
FN:5,(anonymous_1)
FNF:2
FNH:0
FNDA:0,useProfilePaths
FNDA:0,(anonymous_1)
DA:5,0
DA:6,0
DA:8,0
LF:3
LH:0
BRDA:6,0,0,0
BRDA:6,0,1,0
BRF:2
BRH:0
end_of_record
TN:
SF:src\hooks\useRoomSearch.ts
FN:21,useRoomSearch
FN:31,(anonymous_1)
FN:41,(anonymous_2)
FN:68,sanitizeDraftPrices
FN:75,(anonymous_4)
FN:100,(anonymous_5)
FN:103,(anonymous_6)
FN:105,(anonymous_7)
FN:109,(anonymous_8)
FN:112,(anonymous_9)
FN:141,(anonymous_10)
FN:144,(anonymous_11)
FN:180,(anonymous_12)
FN:184,applyFilters
FN:205,clearFilters
FN:220,toggleRoomType
FN:221,(anonymous_16)
FN:223,(anonymous_17)
FN:227,toggleProperty
FN:228,(anonymous_19)
FN:230,(anonymous_20)
FN:234,handleSortChange
FN:242,handlePageChange
FN:250,(anonymous_23)
FN:255,(anonymous_24)
FN:266,(anonymous_25)
FN:274,(anonymous_26)
FN:277,(anonymous_27)
FN:279,(anonymous_28)
FN:290,(anonymous_29)
FN:301,(anonymous_30)
FN:312,(anonymous_31)
FN:323,(anonymous_32)
FN:332,(anonymous_33)
FN:333,(anonymous_34)
FN:336,(anonymous_35)
FN:338,(anonymous_36)
FN:366,(anonymous_37)
FN:409,buildSearchSummary
FN:430,formatDateVi
FNF:40
FNH:0
FNDA:0,useRoomSearch
FNDA:0,(anonymous_1)
FNDA:0,(anonymous_2)
FNDA:0,sanitizeDraftPrices
FNDA:0,(anonymous_4)
FNDA:0,(anonymous_5)
FNDA:0,(anonymous_6)
FNDA:0,(anonymous_7)
FNDA:0,(anonymous_8)
FNDA:0,(anonymous_9)
FNDA:0,(anonymous_10)
FNDA:0,(anonymous_11)
FNDA:0,(anonymous_12)
FNDA:0,applyFilters
FNDA:0,clearFilters
FNDA:0,toggleRoomType
FNDA:0,(anonymous_16)
FNDA:0,(anonymous_17)
FNDA:0,toggleProperty
FNDA:0,(anonymous_19)
FNDA:0,(anonymous_20)
FNDA:0,handleSortChange
FNDA:0,handlePageChange
FNDA:0,(anonymous_23)
FNDA:0,(anonymous_24)
FNDA:0,(anonymous_25)
FNDA:0,(anonymous_26)
FNDA:0,(anonymous_27)
FNDA:0,(anonymous_28)
FNDA:0,(anonymous_29)
FNDA:0,(anonymous_30)
FNDA:0,(anonymous_31)
FNDA:0,(anonymous_32)
FNDA:0,(anonymous_33)
FNDA:0,(anonymous_34)
FNDA:0,(anonymous_35)
FNDA:0,(anonymous_36)
FNDA:0,(anonymous_37)
FNDA:0,buildSearchSummary
FNDA:0,formatDateVi
DA:19,0
DA:22,0
DA:24,0
DA:25,0
DA:26,0
DA:27,0
DA:28,0
DA:29,0
DA:30,0
DA:31,0
DA:32,0
DA:35,0
DA:36,0
DA:37,0
DA:38,0
DA:39,0
DA:41,0
DA:42,0
DA:46,0
DA:58,0
DA:59,0
DA:60,0
DA:61,0
DA:62,0
DA:63,0
DA:64,0
DA:65,0
DA:66,0
DA:69,0
DA:70,0
DA:71,0
DA:72,0
DA:75,0
DA:76,0
DA:100,0
DA:101,0
DA:103,0
DA:104,0
DA:106,0
DA:107,0
DA:112,0
DA:113,0
DA:114,0
DA:115,0
DA:116,0
DA:117,0
DA:139,0
DA:140,0
DA:141,0
DA:143,0
DA:144,0
DA:147,0
DA:148,0
DA:149,0
DA:151,0
DA:152,0
DA:153,0
DA:155,0
DA:158,0
DA:164,0
DA:180,0
DA:181,0
DA:185,0
DA:186,0
DA:188,0
DA:189,0
DA:190,0
DA:192,0
DA:193,0
DA:194,0
DA:195,0
DA:196,0
DA:197,0
DA:198,0
DA:199,0
DA:200,0
DA:201,0
DA:202,0
DA:206,0
DA:217,0
DA:221,0
DA:223,0
DA:228,0
DA:230,0
DA:235,0
DA:236,0
DA:237,0
DA:238,0
DA:239,0
DA:243,0
DA:244,0
DA:245,0
DA:246,0
DA:247,0
DA:250,0
DA:251,0
DA:252,0
DA:253,0
DA:256,0
DA:257,0
DA:258,0
DA:259,0
DA:263,0
DA:264,0
DA:267,0
DA:268,0
DA:269,0
DA:270,0
DA:274,0
DA:275,0
DA:278,0
DA:279,0
DA:280,0
DA:281,0
DA:282,0
DA:283,0
DA:287,0
DA:288,0
DA:291,0
DA:292,0
DA:293,0
DA:294,0
DA:298,0
DA:299,0
DA:302,0
DA:303,0
DA:304,0
DA:305,0
DA:309,0
DA:310,0
DA:313,0
DA:314,0
DA:315,0
DA:316,0
DA:320,0
DA:321,0
DA:324,0
DA:325,0
DA:326,0
DA:327,0
DA:328,0
DA:332,0
DA:333,0
DA:334,0
DA:337,0
DA:338,0
DA:339,0
DA:340,0
DA:341,0
DA:342,0
DA:343,0
DA:344,0
DA:348,0
DA:364,0
DA:366,0
DA:367,0
DA:368,0
DA:369,0
DA:370,0
DA:371,0
DA:372,0
DA:375,0
DA:416,0
DA:417,0
DA:418,0
DA:419,0
DA:420,0
DA:421,0
DA:423,0
DA:424,0
DA:425,0
DA:427,0
DA:431,0
DA:432,0
DA:434,0
LF:175
LH:0
BRDA:24,0,0,0
BRDA:24,0,1,0
BRDA:25,1,0,0
BRDA:25,1,1,0
BRDA:26,2,0,0
BRDA:26,2,1,0
BRDA:27,3,0,0
BRDA:27,3,1,0
BRDA:28,4,0,0
BRDA:28,4,1,0
BRDA:29,5,0,0
BRDA:29,5,1,0
BRDA:30,6,0,0
BRDA:30,6,1,0
BRDA:32,7,0,0
BRDA:32,7,1,0
BRDA:35,8,0,0
BRDA:35,8,1,0
BRDA:36,9,0,0
BRDA:36,9,1,0
BRDA:37,10,0,0
BRDA:37,10,1,0
BRDA:38,11,0,0
BRDA:38,11,1,0
BRDA:39,12,0,0
BRDA:39,12,1,0
BRDA:42,13,0,0
BRDA:42,13,1,0
BRDA:42,14,0,0
BRDA:42,14,1,0
BRDA:47,15,0,0
BRDA:47,15,1,0
BRDA:69,16,0,0
BRDA:69,16,1,0
BRDA:70,17,0,0
BRDA:70,17,1,0
BRDA:71,18,0,0
BRDA:71,18,1,0
BRDA:71,19,0,0
BRDA:71,19,1,0
BRDA:71,19,2,0
BRDA:77,20,0,0
BRDA:77,20,1,0
BRDA:116,21,0,0
BRDA:116,21,1,0
BRDA:120,22,0,0
BRDA:120,22,1,0
BRDA:121,23,0,0
BRDA:121,23,1,0
BRDA:122,24,0,0
BRDA:122,24,1,0
BRDA:124,25,0,0
BRDA:124,25,1,0
BRDA:125,26,0,0
BRDA:125,26,1,0
BRDA:128,27,0,0
BRDA:128,27,1,0
BRDA:131,28,0,0
BRDA:131,28,1,0
BRDA:134,29,0,0
BRDA:134,29,1,0
BRDA:135,30,0,0
BRDA:135,30,1,0
BRDA:140,31,0,0
BRDA:140,31,1,0
BRDA:143,32,0,0
BRDA:143,32,1,0
BRDA:144,33,0,0
BRDA:144,33,1,0
BRDA:144,34,0,0
BRDA:144,34,1,0
BRDA:148,35,0,0
BRDA:148,35,1,0
BRDA:149,36,0,0
BRDA:149,36,1,0
BRDA:149,37,0,0
BRDA:149,37,1,0
BRDA:155,38,0,0
BRDA:155,38,1,0
BRDA:155,38,2,0
BRDA:159,39,0,0
BRDA:159,39,1,0
BRDA:184,40,0,0
BRDA:186,41,0,0
BRDA:186,41,1,0
BRDA:189,42,0,0
BRDA:189,42,1,0
BRDA:192,43,0,0
BRDA:192,43,1,0
BRDA:193,44,0,0
BRDA:193,44,1,0
BRDA:194,45,0,0
BRDA:194,45,1,0
BRDA:195,46,0,0
BRDA:195,46,1,0
BRDA:196,47,0,0
BRDA:196,47,1,0
BRDA:197,48,0,0
BRDA:197,48,1,0
BRDA:198,49,0,0
BRDA:198,49,1,0
BRDA:199,50,0,0
BRDA:199,50,1,0
BRDA:200,51,0,0
BRDA:200,51,1,0
BRDA:200,52,0,0
BRDA:200,52,1,0
BRDA:201,53,0,0
BRDA:201,53,1,0
BRDA:201,54,0,0
BRDA:201,54,1,0
BRDA:223,55,0,0
BRDA:223,55,1,0
BRDA:230,56,0,0
BRDA:230,56,1,0
BRDA:236,57,0,0
BRDA:236,57,1,0
BRDA:244,58,0,0
BRDA:244,58,1,0
BRDA:252,59,0,0
BRDA:252,59,1,0
BRDA:263,60,0,0
BRDA:263,60,1,0
BRDA:280,61,0,0
BRDA:280,61,1,0
BRDA:287,62,0,0
BRDA:287,62,1,0
BRDA:298,63,0,0
BRDA:298,63,1,0
BRDA:309,64,0,0
BRDA:309,64,1,0
BRDA:320,65,0,0
BRDA:320,65,1,0
BRDA:320,66,0,0
BRDA:320,66,1,0
BRDA:335,67,0,0
BRDA:335,67,1,0
BRDA:341,68,0,0
BRDA:341,68,1,0
BRDA:342,69,0,0
BRDA:342,69,1,0
BRDA:368,70,0,0
BRDA:368,70,1,0
BRDA:369,71,0,0
BRDA:369,71,1,0
BRDA:370,72,0,0
BRDA:370,72,1,0
BRDA:372,73,0,0
BRDA:372,73,1,0
BRDA:417,74,0,0
BRDA:417,74,1,0
BRDA:418,75,0,0
BRDA:418,75,1,0
BRDA:418,76,0,0
BRDA:418,76,1,0
BRDA:420,77,0,0
BRDA:420,77,1,0
BRDA:423,78,0,0
BRDA:423,78,1,0
BRDA:424,79,0,0
BRDA:424,79,1,0
BRDA:425,80,0,0
BRDA:425,80,1,0
BRF:163
BRH:0
end_of_record
TN:
SF:src\layouts\AdminLayout.tsx
FN:55,IconDashboard
FN:56,IconProperty
FN:57,IconManagers
FN:58,IconCustomers
FN:59,IconPayment
FN:60,IconDamage
FN:61,IconComplaint
FN:62,IconPromotion
FN:63,IconReports
FN:64,IconSettings
FN:66,AdminLayout
FN:72,handleLogout
FN:74,(anonymous_12)
FN:75,(anonymous_13)
FN:76,(anonymous_14)
FN:78,SidebarContent
FN:112,(anonymous_16)
FN:117,(anonymous_17)
FN:124,(anonymous_18)
FN:132,(anonymous_19)
FN:133,(anonymous_20)
FN:150,(anonymous_21)
FN:151,(anonymous_22)
FN:173,(anonymous_23)
FN:176,(anonymous_24)
FN:188,(anonymous_25)
FNF:26
FNH:0
FNDA:0,IconDashboard
FNDA:0,IconProperty
FNDA:0,IconManagers
FNDA:0,IconCustomers
FNDA:0,IconPayment
FNDA:0,IconDamage
FNDA:0,IconComplaint
FNDA:0,IconPromotion
FNDA:0,IconReports
FNDA:0,IconSettings
FNDA:0,AdminLayout
FNDA:0,handleLogout
FNDA:0,(anonymous_12)
FNDA:0,(anonymous_13)
FNDA:0,(anonymous_14)
FNDA:0,SidebarContent
FNDA:0,(anonymous_16)
FNDA:0,(anonymous_17)
FNDA:0,(anonymous_18)
FNDA:0,(anonymous_19)
FNDA:0,(anonymous_20)
FNDA:0,(anonymous_21)
FNDA:0,(anonymous_22)
FNDA:0,(anonymous_23)
FNDA:0,(anonymous_24)
FNDA:0,(anonymous_25)
DA:6,0
DA:55,0
DA:56,0
DA:57,0
DA:58,0
DA:59,0
DA:60,0
DA:61,0
DA:62,0
DA:63,0
DA:64,0
DA:67,0
DA:68,0
DA:69,0
DA:70,0
DA:72,0
DA:74,0
DA:75,0
DA:76,0
DA:79,0
DA:113,0
DA:118,0
DA:119,0
DA:120,0
DA:124,0
DA:132,0
DA:133,0
DA:150,0
DA:151,0
DA:163,0
DA:173,0
DA:176,0
DA:188,0
LF:33
LH:0
BRDA:76,0,0,0
BRDA:76,0,1,0
BRDA:98,1,0,0
BRDA:98,1,1,0
BRDA:104,2,0,0
BRDA:104,2,1,0
BRDA:129,3,0,0
BRDA:129,3,1,0
BRDA:130,4,0,0
BRDA:130,4,1,0
BRDA:132,5,0,0
BRDA:132,5,1,0
BRDA:133,6,0,0
BRDA:133,6,1,0
BRDA:172,7,0,0
BRDA:172,7,1,0
BRDA:197,8,0,0
BRDA:197,8,1,0
BRDA:205,9,0,0
BRDA:205,9,1,0
BRDA:211,10,0,0
BRDA:211,10,1,0
BRF:22
BRH:0
end_of_record
TN:
SF:src\layouts\CustomerLayout.tsx
FN:18,IconDashboard
FN:19,IconBooking
FN:20,IconContract
FN:21,IconPayment
FN:22,IconMaintenance
FN:23,IconReview
FN:24,IconComplaint
FN:25,IconNotif
FN:26,IconProfile
FN:28,CustomerLayout
FN:35,(anonymous_10)
FN:46,(anonymous_11)
FN:49,(anonymous_12)
FN:54,(anonymous_13)
FN:59,handleLogout
FN:61,(anonymous_15)
FN:62,(anonymous_16)
FN:64,SidebarContent
FN:105,(anonymous_18)
FN:112,(anonymous_19)
FN:121,(anonymous_20)
FN:122,(anonymous_21)
FN:148,(anonymous_22)
FN:149,(anonymous_23)
FN:172,(anonymous_24)
FN:176,(anonymous_25)
FN:188,(anonymous_26)
FNF:27
FNH:0
FNDA:0,IconDashboard
FNDA:0,IconBooking
FNDA:0,IconContract
FNDA:0,IconPayment
FNDA:0,IconMaintenance
FNDA:0,IconReview
FNDA:0,IconComplaint
FNDA:0,IconNotif
FNDA:0,IconProfile
FNDA:0,CustomerLayout
FNDA:0,(anonymous_10)
FNDA:0,(anonymous_11)
FNDA:0,(anonymous_12)
FNDA:0,(anonymous_13)
FNDA:0,handleLogout
FNDA:0,(anonymous_15)
FNDA:0,(anonymous_16)
FNDA:0,SidebarContent
FNDA:0,(anonymous_18)
FNDA:0,(anonymous_19)
FNDA:0,(anonymous_20)
FNDA:0,(anonymous_21)
FNDA:0,(anonymous_22)
FNDA:0,(anonymous_23)
FNDA:0,(anonymous_24)
FNDA:0,(anonymous_25)
FNDA:0,(anonymous_26)
DA:6,0
DA:18,0
DA:19,0
DA:20,0
DA:21,0
DA:22,0
DA:23,0
DA:24,0
DA:25,0
DA:26,0
DA:29,0
DA:30,0
DA:31,0
DA:32,0
DA:33,0
DA:35,0
DA:36,0
DA:37,0
DA:38,0
DA:39,0
DA:42,0
DA:46,0
DA:47,0
DA:49,0
DA:50,0
DA:53,0
DA:54,0
DA:55,0
DA:59,0
DA:61,0
DA:62,0
DA:65,0
DA:106,0
DA:107,0
DA:108,0
DA:112,0
DA:121,0
DA:122,0
DA:148,0
DA:149,0
DA:161,0
DA:172,0
DA:176,0
DA:188,0
LF:44
LH:0
BRDA:38,0,0,0
BRDA:38,0,1,0
BRDA:62,1,0,0
BRDA:62,1,1,0
BRDA:87,2,0,0
BRDA:87,2,1,0
BRDA:88,3,0,0
BRDA:88,3,1,0
BRDA:97,4,0,0
BRDA:97,4,1,0
BRDA:117,5,0,0
BRDA:117,5,1,0
BRDA:118,6,0,0
BRDA:118,6,1,0
BRDA:119,7,0,0
BRDA:119,7,1,0
BRDA:121,8,0,0
BRDA:121,8,1,0
BRDA:122,9,0,0
BRDA:122,9,1,0
BRDA:126,10,0,0
BRDA:126,10,1,0
BRDA:126,10,2,0
BRDA:171,11,0,0
BRDA:171,11,1,0
BRDA:197,12,0,0
BRDA:197,12,1,0
BRDA:209,13,0,0
BRDA:209,13,1,0
BRDA:231,14,0,0
BRDA:231,14,1,0
BRDA:237,15,0,0
BRDA:237,15,1,0
BRF:33
BRH:0
end_of_record
TN:
SF:src\layouts\EmployeeLayout.tsx
FN:31,IconDashboard
FN:32,IconHousekeeping
FN:33,IconMaintenance
FN:34,IconInspection
FN:35,IconDamage
FN:36,IconRoom
FN:37,IconNotif
FN:38,IconProfile
FN:40,EmployeeLayout
FN:46,handleLogout
FN:48,(anonymous_10)
FN:51,(anonymous_11)
FN:52,(anonymous_12)
FN:53,(anonymous_13)
FN:55,SidebarContent
FN:89,(anonymous_15)
FN:94,(anonymous_16)
FN:101,(anonymous_17)
FN:109,(anonymous_18)
FN:110,(anonymous_19)
FN:127,(anonymous_20)
FN:128,(anonymous_21)
FN:150,(anonymous_22)
FN:153,(anonymous_23)
FN:165,(anonymous_24)
FNF:25
FNH:0
FNDA:0,IconDashboard
FNDA:0,IconHousekeeping
FNDA:0,IconMaintenance
FNDA:0,IconInspection
FNDA:0,IconDamage
FNDA:0,IconRoom
FNDA:0,IconNotif
FNDA:0,IconProfile
FNDA:0,EmployeeLayout
FNDA:0,handleLogout
FNDA:0,(anonymous_10)
FNDA:0,(anonymous_11)
FNDA:0,(anonymous_12)
FNDA:0,(anonymous_13)
FNDA:0,SidebarContent
FNDA:0,(anonymous_15)
FNDA:0,(anonymous_16)
FNDA:0,(anonymous_17)
FNDA:0,(anonymous_18)
FNDA:0,(anonymous_19)
FNDA:0,(anonymous_20)
FNDA:0,(anonymous_21)
FNDA:0,(anonymous_22)
FNDA:0,(anonymous_23)
FNDA:0,(anonymous_24)
DA:5,0
DA:31,0
DA:32,0
DA:33,0
DA:34,0
DA:35,0
DA:36,0
DA:37,0
DA:38,0
DA:41,0
DA:42,0
DA:43,0
DA:44,0
DA:46,0
DA:48,0
DA:50,0
DA:51,0
DA:52,0
DA:53,0
DA:56,0
DA:90,0
DA:95,0
DA:96,0
DA:97,0
DA:101,0
DA:109,0
DA:110,0
DA:127,0
DA:128,0
DA:140,0
DA:150,0
DA:153,0
DA:165,0
LF:33
LH:0
BRDA:53,0,0,0
BRDA:53,0,1,0
BRDA:75,1,0,0
BRDA:75,1,1,0
BRDA:81,2,0,0
BRDA:81,2,1,0
BRDA:82,3,0,0
BRDA:82,3,1,0
BRDA:106,4,0,0
BRDA:106,4,1,0
BRDA:107,5,0,0
BRDA:107,5,1,0
BRDA:109,6,0,0
BRDA:109,6,1,0
BRDA:110,7,0,0
BRDA:110,7,1,0
BRDA:149,8,0,0
BRDA:149,8,1,0
BRDA:174,9,0,0
BRDA:174,9,1,0
BRDA:187,10,0,0
BRDA:187,10,1,0
BRDA:193,11,0,0
BRDA:193,11,1,0
BRF:24
BRH:0
end_of_record
TN:
SF:src\layouts\ManagerLayout.tsx
FN:73,IconDashboard
FN:74,IconProperty
FN:75,IconStructure
FN:76,IconRoom
FN:77,IconBooking
FN:78,IconContract
FN:79,IconPayment
FN:80,IconCustomer
FN:81,IconMaintenance
FN:82,IconHousekeeping
FN:83,IconInspection
FN:84,IconDamage
FN:85,IconEmployee
FN:86,IconComplaint
FN:87,IconRevenue
FN:88,IconOccupancy
FN:89,IconTrend
FN:90,IconPromotion
FN:91,IconLogs
FN:92,IconSettings
FN:93,IconModerate
FN:95,ManagerLayout
FN:101,handleLogout
FN:103,(anonymous_23)
FN:104,(anonymous_24)
FN:105,(anonymous_25)
FN:107,SidebarContent
FN:141,(anonymous_27)
FN:146,(anonymous_28)
FN:153,(anonymous_29)
FN:161,(anonymous_30)
FN:162,(anonymous_31)
FN:179,(anonymous_32)
FN:180,(anonymous_33)
FN:202,(anonymous_34)
FN:205,(anonymous_35)
FN:217,(anonymous_36)
FNF:37
FNH:0
FNDA:0,IconDashboard
FNDA:0,IconProperty
FNDA:0,IconStructure
FNDA:0,IconRoom
FNDA:0,IconBooking
FNDA:0,IconContract
FNDA:0,IconPayment
FNDA:0,IconCustomer
FNDA:0,IconMaintenance
FNDA:0,IconHousekeeping
FNDA:0,IconInspection
FNDA:0,IconDamage
FNDA:0,IconEmployee
FNDA:0,IconComplaint
FNDA:0,IconRevenue
FNDA:0,IconOccupancy
FNDA:0,IconTrend
FNDA:0,IconPromotion
FNDA:0,IconLogs
FNDA:0,IconSettings
FNDA:0,IconModerate
FNDA:0,ManagerLayout
FNDA:0,handleLogout
FNDA:0,(anonymous_23)
FNDA:0,(anonymous_24)
FNDA:0,(anonymous_25)
FNDA:0,SidebarContent
FNDA:0,(anonymous_27)
FNDA:0,(anonymous_28)
FNDA:0,(anonymous_29)
FNDA:0,(anonymous_30)
FNDA:0,(anonymous_31)
FNDA:0,(anonymous_32)
FNDA:0,(anonymous_33)
FNDA:0,(anonymous_34)
FNDA:0,(anonymous_35)
FNDA:0,(anonymous_36)
DA:5,0
DA:73,0
DA:74,0
DA:75,0
DA:76,0
DA:77,0
DA:78,0
DA:79,0
DA:80,0
DA:81,0
DA:82,0
DA:83,0
DA:84,0
DA:85,0
DA:86,0
DA:87,0
DA:88,0
DA:89,0
DA:90,0
DA:91,0
DA:92,0
DA:93,0
DA:96,0
DA:97,0
DA:98,0
DA:99,0
DA:101,0
DA:103,0
DA:104,0
DA:105,0
DA:108,0
DA:142,0
DA:147,0
DA:148,0
DA:149,0
DA:153,0
DA:161,0
DA:162,0
DA:179,0
DA:180,0
DA:192,0
DA:202,0
DA:205,0
DA:217,0
LF:44
LH:0
BRDA:105,0,0,0
BRDA:105,0,1,0
BRDA:127,1,0,0
BRDA:127,1,1,0
BRDA:133,2,0,0
BRDA:133,2,1,0
BRDA:158,3,0,0
BRDA:158,3,1,0
BRDA:159,4,0,0
BRDA:159,4,1,0
BRDA:161,5,0,0
BRDA:161,5,1,0
BRDA:162,6,0,0
BRDA:162,6,1,0
BRDA:201,7,0,0
BRDA:201,7,1,0
BRDA:226,8,0,0
BRDA:226,8,1,0
BRDA:239,9,0,0
BRDA:239,9,1,0
BRDA:245,10,0,0
BRDA:245,10,1,0
BRF:22
BRH:0
end_of_record
TN:
SF:src\layouts\PublicLayout.tsx
FN:47,Logo
FN:69,PublicLayout
FN:75,(anonymous_2)
FN:100,(anonymous_3)
FN:119,(anonymous_4)
FN:120,(anonymous_5)
FN:146,(anonymous_6)
FN:168,(anonymous_7)
FN:172,(anonymous_8)
FN:228,(anonymous_9)
FN:244,(anonymous_10)
FN:248,(anonymous_11)
FN:259,(anonymous_12)
FN:263,(anonymous_13)
FN:269,(anonymous_14)
FN:270,(anonymous_15)
FN:284,(anonymous_16)
FN:290,(anonymous_17)
FN:291,(anonymous_18)
FNF:19
FNH:0
FNDA:0,Logo
FNDA:0,PublicLayout
FNDA:0,(anonymous_2)
FNDA:0,(anonymous_3)
FNDA:0,(anonymous_4)
FNDA:0,(anonymous_5)
FNDA:0,(anonymous_6)
FNDA:0,(anonymous_7)
FNDA:0,(anonymous_8)
FNDA:0,(anonymous_9)
FNDA:0,(anonymous_10)
FNDA:0,(anonymous_11)
FNDA:0,(anonymous_12)
FNDA:0,(anonymous_13)
FNDA:0,(anonymous_14)
FNDA:0,(anonymous_15)
FNDA:0,(anonymous_16)
FNDA:0,(anonymous_17)
FNDA:0,(anonymous_18)
DA:5,0
DA:11,0
DA:41,0
DA:48,0
DA:70,0
DA:71,0
DA:72,0
DA:73,0
DA:75,0
DA:76,0
DA:78,0
DA:101,0
DA:102,0
DA:105,0
DA:119,0
DA:120,0
DA:146,0
DA:169,0
DA:172,0
DA:229,0
DA:245,0
DA:246,0
DA:249,0
DA:250,0
DA:260,0
DA:264,0
DA:269,0
DA:270,0
DA:285,0
DA:290,0
DA:291,0
LF:31
LH:0
BRDA:76,0,0,0
BRDA:76,0,1,0
BRDA:102,1,0,0
BRDA:102,1,1,0
BRDA:103,2,0,0
BRDA:103,2,1,0
BRDA:104,3,0,0
BRDA:104,3,1,0
BRDA:115,4,0,0
BRDA:115,4,1,0
BRDA:116,5,0,0
BRDA:116,5,1,0
BRDA:119,6,0,0
BRDA:119,6,1,0
BRDA:120,7,0,0
BRDA:120,7,1,0
BRDA:130,8,0,0
BRDA:130,8,1,0
BRDA:151,9,0,0
BRDA:151,9,1,0
BRDA:161,10,0,0
BRDA:161,10,1,0
BRDA:176,11,0,0
BRDA:176,11,1,0
BRDA:184,12,0,0
BRDA:184,12,1,0
BRF:26
BRH:0
end_of_record
TN:
SF:src\pages\admin\AddEditPromotionPage.tsx
FN:21,AddEditPromotionPage
FN:41,(anonymous_1)
FN:43,load
FN:47,(anonymous_3)
FN:66,validate
FN:76,handleSubmit
FN:119,(anonymous_6)
FN:119,(anonymous_7)
FN:125,(anonymous_8)
FN:125,(anonymous_9)
FN:131,(anonymous_10)
FN:131,(anonymous_11)
FN:137,(anonymous_12)
FN:137,(anonymous_13)
FN:143,(anonymous_14)
FN:143,(anonymous_15)
FN:144,(anonymous_16)
FN:151,(anonymous_17)
FN:151,(anonymous_18)
FN:158,(anonymous_19)
FN:158,(anonymous_20)
FN:163,(anonymous_21)
FN:163,(anonymous_22)
FNF:23
FNH:0
FNDA:0,AddEditPromotionPage
FNDA:0,(anonymous_1)
FNDA:0,load
FNDA:0,(anonymous_3)
FNDA:0,validate
FNDA:0,handleSubmit
FNDA:0,(anonymous_6)
FNDA:0,(anonymous_7)
FNDA:0,(anonymous_8)
FNDA:0,(anonymous_9)
FNDA:0,(anonymous_10)
FNDA:0,(anonymous_11)
FNDA:0,(anonymous_12)
FNDA:0,(anonymous_13)
FNDA:0,(anonymous_14)
FNDA:0,(anonymous_15)
FNDA:0,(anonymous_16)
FNDA:0,(anonymous_17)
FNDA:0,(anonymous_18)
FNDA:0,(anonymous_19)
FNDA:0,(anonymous_20)
FNDA:0,(anonymous_21)
FNDA:0,(anonymous_22)
DA:22,0
DA:23,0
DA:24,0
DA:26,0
DA:36,0
DA:37,0
DA:38,0
DA:39,0
DA:41,0
DA:42,0
DA:44,0
DA:45,0
DA:46,0
DA:47,0
DA:48,0
DA:49,0
DA:61,0
DA:63,0
DA:67,0
DA:68,0
DA:69,0
DA:70,0
DA:71,0
DA:72,0
DA:73,0
DA:77,0
DA:78,0
DA:79,0
DA:80,0
DA:81,0
DA:82,0
DA:92,0
DA:93,0
DA:95,0
DA:97,0
DA:98,0
DA:99,0
DA:102,0
DA:119,0
DA:125,0
DA:131,0
DA:137,0
DA:143,0
DA:144,0
DA:151,0
DA:158,0
DA:163,0
LF:47
LH:0
BRDA:42,0,0,0
BRDA:42,0,1,0
BRDA:48,1,0,0
BRDA:48,1,1,0
BRDA:50,2,0,0
BRDA:50,2,1,0
BRDA:51,3,0,0
BRDA:51,3,1,0
BRDA:52,4,0,0
BRDA:52,4,1,0
BRDA:53,5,0,0
BRDA:53,5,1,0
BRDA:54,6,0,0
BRDA:54,6,1,0
BRDA:55,7,0,0
BRDA:55,7,1,0
BRDA:56,8,0,0
BRDA:56,8,1,0
BRDA:57,9,0,0
BRDA:57,9,1,0
BRDA:68,10,0,0
BRDA:68,10,1,0
BRDA:69,11,0,0
BRDA:69,11,1,0
BRDA:70,12,0,0
BRDA:70,12,1,0
BRDA:71,13,0,0
BRDA:71,13,1,0
BRDA:72,14,0,0
BRDA:72,14,1,0
BRDA:79,15,0,0
BRDA:79,15,1,0
BRDA:85,16,0,0
BRDA:85,16,1,0
BRDA:92,17,0,0
BRDA:92,17,1,0
BRDA:92,18,0,0
BRDA:92,18,1,0
BRDA:98,19,0,0
BRDA:98,19,1,0
BRDA:108,20,0,0
BRDA:108,20,1,0
BRDA:112,21,0,0
BRDA:112,21,1,0
BRDA:113,22,0,0
BRDA:113,22,1,0
BRDA:118,23,0,0
BRDA:118,23,1,0
BRDA:120,24,0,0
BRDA:120,24,1,0
BRDA:124,25,0,0
BRDA:124,25,1,0
BRDA:126,26,0,0
BRDA:126,26,1,0
BRDA:130,27,0,0
BRDA:130,27,1,0
BRDA:132,28,0,0
BRDA:132,28,1,0
BRDA:136,29,0,0
BRDA:136,29,1,0
BRDA:138,30,0,0
BRDA:138,30,1,0
BRDA:142,31,0,0
BRDA:142,31,1,0
BRDA:146,32,0,0
BRDA:146,32,1,0
BRDA:169,33,0,0
BRDA:169,33,1,0
BRDA:169,34,0,0
BRDA:169,34,1,0
BRF:70
BRH:0
end_of_record
TN:
SF:src\pages\admin\AdminComplaintsPage.tsx
FN:21,AdminComplaintsPage
FN:34,(anonymous_1)
FN:43,(anonymous_2)
FN:45,handleResolve
FN:53,(anonymous_4)
FN:60,(anonymous_5)
FN:61,(anonymous_6)
FN:62,(anonymous_7)
FN:63,(anonymous_8)
FN:64,(anonymous_9)
FN:65,(anonymous_10)
FN:69,(anonymous_11)
FN:83,(anonymous_12)
FN:85,(anonymous_13)
FN:96,(anonymous_14)
FN:99,(anonymous_15)
FN:103,(anonymous_16)
FN:114,(anonymous_17)
FN:130,(anonymous_18)
FNF:19
FNH:0
FNDA:0,AdminComplaintsPage
FNDA:0,(anonymous_1)
FNDA:0,(anonymous_2)
FNDA:0,handleResolve
FNDA:0,(anonymous_4)
FNDA:0,(anonymous_5)
FNDA:0,(anonymous_6)
FNDA:0,(anonymous_7)
FNDA:0,(anonymous_8)
FNDA:0,(anonymous_9)
FNDA:0,(anonymous_10)
FNDA:0,(anonymous_11)
FNDA:0,(anonymous_12)
FNDA:0,(anonymous_13)
FNDA:0,(anonymous_14)
FNDA:0,(anonymous_15)
FNDA:0,(anonymous_16)
FNDA:0,(anonymous_17)
FNDA:0,(anonymous_18)
DA:22,0
DA:23,0
DA:24,0
DA:25,0
DA:26,0
DA:27,0
DA:28,0
DA:29,0
DA:30,0
DA:31,0
DA:32,0
DA:34,0
DA:35,0
DA:36,0
DA:37,0
DA:38,0
DA:39,0
DA:40,0
DA:43,0
DA:46,0
DA:47,0
DA:48,0
DA:49,0
DA:50,0
DA:51,0
DA:52,0
DA:53,0
DA:54,0
DA:55,0
DA:56,0
DA:59,0
DA:60,0
DA:61,0
DA:62,0
DA:63,0
DA:64,0
DA:65,0
DA:68,0
DA:69,0
DA:72,0
DA:84,0
DA:85,0
DA:96,0
DA:99,0
DA:103,0
DA:115,0
DA:130,0
LF:47
LH:0
BRDA:34,0,0,0
BRDA:34,1,0,0
BRDA:37,2,0,0
BRDA:37,2,1,0
BRDA:38,3,0,0
BRDA:38,3,1,0
BRDA:46,4,0,0
BRDA:46,4,1,0
BRDA:46,5,0,0
BRDA:46,5,1,0
BRDA:50,6,0,0
BRDA:50,6,1,0
BRDA:64,7,0,0
BRDA:64,7,1,0
BRDA:64,8,0,0
BRDA:64,8,1,0
BRDA:64,9,0,0
BRDA:64,9,1,0
BRDA:69,10,0,0
BRDA:69,10,1,0
BRDA:79,11,0,0
BRDA:79,11,1,0
BRDA:84,12,0,0
BRDA:84,12,1,0
BRDA:86,13,0,0
BRDA:86,13,1,0
BRDA:91,14,0,0
BRDA:91,14,1,0
BRDA:104,15,0,0
BRDA:104,15,1,0
BRDA:106,16,0,0
BRDA:106,16,1,0
BRDA:106,17,0,0
BRDA:106,17,1,0
BRDA:125,18,0,0
BRDA:125,18,1,0
BRDA:125,18,2,0
BRDA:132,19,0,0
BRDA:132,19,1,0
BRDA:133,20,0,0
BRDA:133,20,1,0
BRF:41
BRH:0
end_of_record
TN:
SF:src\pages\admin\AdminDashboardPage.tsx
FN:12,(anonymous_0)
FN:18,KpiCard
FN:39,RevenueBarChart
FN:41,(anonymous_3)
FN:44,(anonymous_4)
FN:66,QuickLink
FN:72,(anonymous_6)
FN:73,(anonymous_7)
FN:91,AdminDashboardPage
FN:99,(anonymous_9)
FN:101,load
FN:124,(anonymous_11)
FN:158,(anonymous_12)
FN:164,(anonymous_13)
FNF:14
FNH:0
FNDA:0,(anonymous_0)
FNDA:0,KpiCard
FNDA:0,RevenueBarChart
FNDA:0,(anonymous_3)
FNDA:0,(anonymous_4)
FNDA:0,QuickLink
FNDA:0,(anonymous_6)
FNDA:0,(anonymous_7)
FNDA:0,AdminDashboardPage
FNDA:0,(anonymous_9)
FNDA:0,load
FNDA:0,(anonymous_11)
FNDA:0,(anonymous_12)
FNDA:0,(anonymous_13)
DA:12,0
DA:13,0
DA:15,0
DA:23,0
DA:34,0
DA:35,0
DA:40,0
DA:41,0
DA:42,0
DA:45,0
DA:46,0
DA:67,0
DA:72,0
DA:73,0
DA:92,0
DA:93,0
DA:94,0
DA:95,0
DA:97,0
DA:99,0
DA:100,0
DA:102,0
DA:103,0
DA:104,0
DA:105,0
DA:109,0
DA:110,0
DA:111,0
DA:113,0
DA:114,0
DA:118,0
DA:120,0
DA:123,0
DA:124,0
DA:127,0
DA:134,0
DA:159,0
DA:164,0
LF:38
LH:0
BRDA:23,0,0,0
BRDA:23,0,1,0
BRDA:31,1,0,0
BRDA:31,1,1,0
BRDA:34,2,0,0
BRDA:34,2,1,0
BRDA:40,3,0,0
BRDA:40,3,1,0
BRDA:109,4,0,0
BRDA:109,4,1,0
BRDA:110,5,0,0
BRDA:110,5,1,0
BRDA:110,6,0,0
BRDA:110,6,1,0
BRDA:113,7,0,0
BRDA:113,7,1,0
BRDA:113,8,0,0
BRDA:113,8,1,0
BRDA:114,9,0,0
BRDA:114,9,1,0
BRDA:118,10,0,0
BRDA:118,10,1,0
BRDA:120,11,0,0
BRDA:120,11,1,0
BRDA:128,12,0,0
BRDA:128,12,1,0
BRDA:129,13,0,0
BRDA:129,13,1,0
BRDA:130,14,0,0
BRDA:130,14,1,0
BRDA:131,15,0,0
BRDA:131,15,1,0
BRDA:146,16,0,0
BRDA:146,16,1,0
BRDA:156,17,0,0
BRDA:156,17,1,0
BRDA:177,18,0,0
BRDA:177,18,1,0
BRDA:181,19,0,0
BRDA:181,19,1,0
BRF:40
BRH:0
end_of_record
TN:
SF:src\pages\admin\CreatePropertyPage.tsx
FNF:0
FNH:0
LF:0
LH:0
BRF:0
BRH:0
end_of_record
TN:
SF:src\pages\admin\CustomerDirectoryPage.tsx
FN:4,CustomerDirectoryPage
FNF:1
FNH:0
FNDA:0,CustomerDirectoryPage
DA:5,0
LF:1
LH:0
BRF:0
BRH:0
end_of_record
TN:
SF:src\pages\admin\DamageEscalationPage.tsx
FN:23,DamageEscalationPage
FN:36,(anonymous_1)
FN:45,(anonymous_2)
FN:48,(anonymous_3)
FN:49,(anonymous_4)
FN:50,(anonymous_5)
FN:51,(anonymous_6)
FN:52,(anonymous_7)
FN:53,(anonymous_8)
FN:57,(anonymous_9)
FN:60,handleCoApprove
FN:70,(anonymous_11)
FN:105,(anonymous_12)
FN:110,(anonymous_13)
FN:115,(anonymous_14)
FN:127,(anonymous_15)
FN:139,(anonymous_16)
FN:149,(anonymous_17)
FN:153,(anonymous_18)
FN:153,(anonymous_19)
FN:165,(anonymous_20)
FN:178,(anonymous_21)
FN:192,(anonymous_22)
FNF:23
FNH:0
FNDA:0,DamageEscalationPage
FNDA:0,(anonymous_1)
FNDA:0,(anonymous_2)
FNDA:0,(anonymous_3)
FNDA:0,(anonymous_4)
FNDA:0,(anonymous_5)
FNDA:0,(anonymous_6)
FNDA:0,(anonymous_7)
FNDA:0,(anonymous_8)
FNDA:0,(anonymous_9)
FNDA:0,handleCoApprove
FNDA:0,(anonymous_11)
FNDA:0,(anonymous_12)
FNDA:0,(anonymous_13)
FNDA:0,(anonymous_14)
FNDA:0,(anonymous_15)
FNDA:0,(anonymous_16)
FNDA:0,(anonymous_17)
FNDA:0,(anonymous_18)
FNDA:0,(anonymous_19)
FNDA:0,(anonymous_20)
FNDA:0,(anonymous_21)
FNDA:0,(anonymous_22)
DA:21,0
DA:24,0
DA:25,0
DA:26,0
DA:27,0
DA:28,0
DA:29,0
DA:30,0
DA:31,0
DA:32,0
DA:33,0
DA:34,0
DA:36,0
DA:37,0
DA:38,0
DA:39,0
DA:40,0
DA:41,0
DA:42,0
DA:45,0
DA:47,0
DA:48,0
DA:49,0
DA:50,0
DA:51,0
DA:52,0
DA:53,0
DA:56,0
DA:57,0
DA:61,0
DA:62,0
DA:63,0
DA:64,0
DA:65,0
DA:66,0
DA:67,0
DA:68,0
DA:69,0
DA:70,0
DA:71,0
DA:72,0
DA:73,0
DA:76,0
DA:78,0
DA:105,0
DA:110,0
DA:115,0
DA:128,0
DA:140,0
DA:149,0
DA:153,0
DA:154,0
DA:165,0
DA:178,0
DA:192,0
LF:55
LH:0
BRDA:36,0,0,0
BRDA:40,1,0,0
BRDA:40,1,1,0
BRDA:61,2,0,0
BRDA:61,2,1,0
BRDA:63,3,0,0
BRDA:63,3,1,0
BRDA:63,4,0,0
BRDA:63,4,1,0
BRDA:67,5,0,0
BRDA:67,5,1,0
BRDA:76,6,0,0
BRDA:76,6,1,0
BRDA:86,7,0,0
BRDA:86,7,1,0
BRDA:95,8,0,0
BRDA:95,8,1,0
BRDA:96,9,0,0
BRDA:96,9,1,0
BRDA:99,10,0,0
BRDA:99,10,1,0
BRDA:116,11,0,0
BRDA:116,11,1,0
BRDA:118,12,0,0
BRDA:118,12,1,0
BRDA:118,13,0,0
BRDA:118,13,1,0
BRDA:136,14,0,0
BRDA:136,14,1,0
BRDA:149,15,0,0
BRDA:149,15,1,0
BRDA:167,16,0,0
BRDA:167,16,1,0
BRDA:177,17,0,0
BRDA:177,17,1,0
BRDA:180,18,0,0
BRDA:180,18,1,0
BRDA:189,19,0,0
BRDA:189,19,1,0
BRF:39
BRH:0
end_of_record
TN:
SF:src\pages\admin\EditPropertyAdminPage.tsx
FNF:0
FNH:0
LF:0
LH:0
BRF:0
BRH:0
end_of_record
TN:
SF:src\pages\admin\GlobalReportsPage.tsx
FN:23,GlobalReportsPage
FN:29,(anonymous_1)
FN:39,(anonymous_2)
FN:41,(anonymous_3)
FN:42,(anonymous_4)
FN:55,(anonymous_5)
FN:56,(anonymous_6)
FN:86,(anonymous_7)
FN:110,(anonymous_8)
FN:111,(anonymous_9)
FN:112,(anonymous_10)
FN:115,(anonymous_11)
FNF:12
FNH:0
FNDA:0,GlobalReportsPage
FNDA:0,(anonymous_1)
FNDA:0,(anonymous_2)
FNDA:0,(anonymous_3)
FNDA:0,(anonymous_4)
FNDA:0,(anonymous_5)
FNDA:0,(anonymous_6)
FNDA:0,(anonymous_7)
FNDA:0,(anonymous_8)
FNDA:0,(anonymous_9)
FNDA:0,(anonymous_10)
FNDA:0,(anonymous_11)
DA:21,0
DA:24,0
DA:25,0
DA:26,0
DA:27,0
DA:29,0
DA:30,0
DA:31,0
DA:32,0
DA:33,0
DA:34,0
DA:35,0
DA:36,0
DA:39,0
DA:41,0
DA:42,0
DA:44,0
DA:55,0
DA:56,0
DA:87,0
DA:88,0
DA:110,0
DA:111,0
DA:112,0
DA:115,0
LF:25
LH:0
BRDA:33,0,0,0
BRDA:33,0,1,0
BRDA:33,1,0,0
BRDA:33,1,1,0
BRDA:72,2,0,0
BRDA:72,2,1,0
BRDA:77,3,0,0
BRDA:77,3,1,0
BRDA:82,4,0,0
BRDA:82,4,1,0
BRDA:82,5,0,0
BRDA:82,5,1,0
BRDA:91,6,0,0
BRDA:91,6,1,0
BRDA:106,7,0,0
BRDA:106,7,1,0
BRDA:106,7,2,0
BRDA:112,8,0,0
BRDA:112,8,1,0
BRF:19
BRH:0
end_of_record
TN:
SF:src\pages\admin\ManagerAssignmentPage.tsx
FN:4,ManagerAssignmentPage
FNF:1
FNH:0
FNDA:0,ManagerAssignmentPage
DA:5,0
DA:6,0
DA:7,0
LF:3
LH:0
BRDA:6,0,0,0
BRDA:6,0,1,0
BRF:2
BRH:0
end_of_record
TN:
SF:src\pages\admin\ManagerDirectoryPage.tsx
FN:4,ManagerDirectoryPage
FNF:1
FNH:0
FNDA:0,ManagerDirectoryPage
DA:5,0
LF:1
LH:0
BRF:0
BRH:0
end_of_record
TN:
SF:src\pages\admin\PaymentReconciliationPage.tsx
FN:21,PaymentReconciliationPage
FN:30,(anonymous_1)
FN:39,(anonymous_2)
FN:42,(anonymous_3)
FN:43,(anonymous_4)
FN:44,(anonymous_5)
FN:45,(anonymous_6)
FN:46,(anonymous_7)
FN:47,(anonymous_8)
FN:48,(anonymous_9)
FN:52,(anonymous_10)
FN:80,(anonymous_11)
FN:85,(anonymous_12)
FN:89,(anonymous_13)
FN:103,(anonymous_14)
FNF:15
FNH:0
FNDA:0,PaymentReconciliationPage
FNDA:0,(anonymous_1)
FNDA:0,(anonymous_2)
FNDA:0,(anonymous_3)
FNDA:0,(anonymous_4)
FNDA:0,(anonymous_5)
FNDA:0,(anonymous_6)
FNDA:0,(anonymous_7)
FNDA:0,(anonymous_8)
FNDA:0,(anonymous_9)
FNDA:0,(anonymous_10)
FNDA:0,(anonymous_11)
FNDA:0,(anonymous_12)
FNDA:0,(anonymous_13)
FNDA:0,(anonymous_14)
DA:22,0
DA:23,0
DA:24,0
DA:25,0
DA:26,0
DA:27,0
DA:28,0
DA:30,0
DA:31,0
DA:32,0
DA:33,0
DA:34,0
DA:35,0
DA:36,0
DA:39,0
DA:41,0
DA:42,0
DA:43,0
DA:44,0
DA:45,0
DA:46,0
DA:47,0
DA:48,0
DA:51,0
DA:52,0
DA:55,0
DA:80,0
DA:85,0
DA:89,0
DA:104,0
LF:30
LH:0
BRDA:30,0,0,0
BRDA:34,1,0,0
BRDA:34,1,1,0
BRDA:47,2,0,0
BRDA:47,2,1,0
BRDA:62,3,0,0
BRDA:62,3,1,0
BRDA:70,4,0,0
BRDA:70,4,1,0
BRDA:71,5,0,0
BRDA:71,5,1,0
BRDA:74,6,0,0
BRDA:74,6,1,0
BRDA:90,7,0,0
BRDA:90,7,1,0
BRDA:101,8,0,0
BRDA:101,8,1,0
BRF:17
BRH:0
end_of_record
TN:
SF:src\pages\admin\PromotionAdminListPage.tsx
FN:21,PromotionAdminListPage
FN:32,(anonymous_1)
FN:41,(anonymous_2)
FN:44,(anonymous_3)
FN:45,(anonymous_4)
FN:46,(anonymous_5)
FN:47,(anonymous_6)
FN:48,(anonymous_7)
FN:49,(anonymous_8)
FN:52,handleDelete
FN:84,(anonymous_10)
FN:86,(anonymous_11)
FN:87,(anonymous_12)
FN:92,(anonymous_13)
FN:102,(anonymous_14)
FNF:15
FNH:0
FNDA:0,PromotionAdminListPage
FNDA:0,(anonymous_1)
FNDA:0,(anonymous_2)
FNDA:0,(anonymous_3)
FNDA:0,(anonymous_4)
FNDA:0,(anonymous_5)
FNDA:0,(anonymous_6)
FNDA:0,(anonymous_7)
FNDA:0,(anonymous_8)
FNDA:0,handleDelete
FNDA:0,(anonymous_10)
FNDA:0,(anonymous_11)
FNDA:0,(anonymous_12)
FNDA:0,(anonymous_13)
FNDA:0,(anonymous_14)
DA:22,0
DA:23,0
DA:24,0
DA:25,0
DA:26,0
DA:27,0
DA:28,0
DA:29,0
DA:30,0
DA:32,0
DA:33,0
DA:34,0
DA:35,0
DA:36,0
DA:37,0
DA:38,0
DA:41,0
DA:43,0
DA:44,0
DA:45,0
DA:46,0
DA:47,0
DA:48,0
DA:49,0
DA:53,0
DA:54,0
DA:55,0
DA:56,0
DA:57,0
DA:58,0
DA:59,0
DA:60,0
DA:63,0
DA:84,0
DA:86,0
DA:87,0
DA:92,0
DA:102,0
LF:38
LH:0
BRDA:32,0,0,0
BRDA:36,1,0,0
BRDA:36,1,1,0
BRDA:47,2,0,0
BRDA:47,2,1,0
BRDA:53,3,0,0
BRDA:53,3,1,0
BRDA:73,4,0,0
BRDA:73,4,1,0
BRDA:74,5,0,0
BRDA:74,5,1,0
BRDA:75,6,0,0
BRDA:75,6,1,0
BRDA:78,7,0,0
BRDA:78,7,1,0
BRDA:100,8,0,0
BRDA:100,8,1,0
BRF:17
BRH:0
end_of_record
TN:
SF:src\pages\admin\PropertyFormPage.tsx
FN:21,PropertyFormPage
FN:42,(anonymous_1)
FN:43,loadManagers
FN:54,(anonymous_3)
FN:56,loadProperty
FN:60,(anonymous_5)
FN:79,(anonymous_6)
FN:85,validate
FN:92,handleSubmit
FN:178,(anonymous_9)
FN:178,(anonymous_10)
FN:188,(anonymous_11)
FN:188,(anonymous_12)
FN:205,(anonymous_13)
FN:205,(anonymous_14)
FN:222,(anonymous_15)
FN:222,(anonymous_16)
FN:239,(anonymous_17)
FN:248,(anonymous_18)
FN:262,(anonymous_19)
FN:286,(anonymous_20)
FNF:21
FNH:0
FNDA:0,PropertyFormPage
FNDA:0,(anonymous_1)
FNDA:0,loadManagers
FNDA:0,(anonymous_3)
FNDA:0,loadProperty
FNDA:0,(anonymous_5)
FNDA:0,(anonymous_6)
FNDA:0,validate
FNDA:0,handleSubmit
FNDA:0,(anonymous_9)
FNDA:0,(anonymous_10)
FNDA:0,(anonymous_11)
FNDA:0,(anonymous_12)
FNDA:0,(anonymous_13)
FNDA:0,(anonymous_14)
FNDA:0,(anonymous_15)
FNDA:0,(anonymous_16)
FNDA:0,(anonymous_17)
FNDA:0,(anonymous_18)
FNDA:0,(anonymous_19)
FNDA:0,(anonymous_20)
DA:22,0
DA:23,0
DA:24,0
DA:26,0
DA:32,0
DA:33,0
DA:34,0
DA:35,0
DA:36,0
DA:37,0
DA:38,0
DA:39,0
DA:40,0
DA:42,0
DA:44,0
DA:45,0
DA:46,0
DA:47,0
DA:49,0
DA:51,0
DA:54,0
DA:55,0
DA:57,0
DA:58,0
DA:59,0
DA:60,0
DA:61,0
DA:62,0
DA:68,0
DA:69,0
DA:70,0
DA:74,0
DA:76,0
DA:79,0
DA:80,0
DA:86,0
DA:87,0
DA:88,0
DA:89,0
DA:93,0
DA:94,0
DA:95,0
DA:96,0
DA:97,0
DA:100,0
DA:101,0
DA:102,0
DA:104,0
DA:105,0
DA:107,0
DA:108,0
DA:112,0
DA:113,0
DA:114,0
DA:117,0
DA:123,0
DA:124,0
DA:125,0
DA:127,0
DA:130,0
DA:131,0
DA:132,0
DA:133,0
DA:134,0
DA:138,0
DA:140,0
DA:142,0
DA:146,0
DA:178,0
DA:188,0
DA:205,0
DA:222,0
DA:239,0
DA:249,0
DA:262,0
DA:286,0
LF:76
LH:0
BRDA:47,0,0,0
BRDA:47,0,1,0
BRDA:55,1,0,0
BRDA:55,1,1,0
BRDA:61,2,0,0
BRDA:61,2,1,0
BRDA:64,3,0,0
BRDA:64,3,1,0
BRDA:68,4,0,0
BRDA:68,4,1,0
BRDA:80,5,0,0
BRDA:80,5,1,0
BRDA:80,5,2,0
BRDA:87,6,0,0
BRDA:87,6,1,0
BRDA:88,7,0,0
BRDA:88,7,1,0
BRDA:95,8,0,0
BRDA:95,8,1,0
BRDA:107,9,0,0
BRDA:107,9,1,0
BRDA:107,10,0,0
BRDA:107,10,1,0
BRDA:112,11,0,0
BRDA:112,11,1,0
BRDA:120,12,0,0
BRDA:120,12,1,0
BRDA:123,13,0,0
BRDA:123,13,1,0
BRDA:130,14,0,0
BRDA:130,14,1,0
BRDA:130,15,0,0
BRDA:130,15,1,0
BRDA:130,15,2,0
BRDA:132,16,0,0
BRDA:132,16,1,0
BRDA:133,17,0,0
BRDA:133,17,1,0
BRDA:140,18,0,0
BRDA:140,18,1,0
BRDA:152,19,0,0
BRDA:152,19,1,0
BRDA:155,20,0,0
BRDA:155,20,1,0
BRDA:159,21,0,0
BRDA:159,21,1,0
BRDA:161,22,0,0
BRDA:161,22,1,0
BRDA:175,23,0,0
BRDA:175,23,1,0
BRDA:180,24,0,0
BRDA:180,24,1,0
BRDA:202,25,0,0
BRDA:202,25,1,0
BRDA:208,26,0,0
BRDA:208,26,1,0
BRDA:211,27,0,0
BRDA:211,27,1,0
BRDA:243,28,0,0
BRDA:243,28,1,0
BRDA:245,29,0,0
BRDA:245,29,1,0
BRDA:253,30,0,0
BRDA:253,30,1,0
BRDA:254,31,0,0
BRDA:254,31,1,0
BRDA:282,32,0,0
BRDA:282,32,1,0
BRDA:296,33,0,0
BRDA:296,33,1,0
BRDA:296,34,0,0
BRDA:296,34,1,0
BRF:72
BRH:0
end_of_record
TN:
SF:src\pages\admin\PropertyMgmtListPage.tsx
FN:21,PropertyMgmtListPage
FN:31,(anonymous_1)
FN:44,(anonymous_2)
FN:46,(anonymous_3)
FN:51,(anonymous_4)
FN:52,(anonymous_5)
FN:53,(anonymous_6)
FN:54,(anonymous_7)
FN:55,(anonymous_8)
FN:59,(anonymous_9)
FN:81,(anonymous_10)
FN:89,(anonymous_11)
FN:92,(anonymous_12)
FNF:13
FNH:0
FNDA:0,PropertyMgmtListPage
FNDA:0,(anonymous_1)
FNDA:0,(anonymous_2)
FNDA:0,(anonymous_3)
FNDA:0,(anonymous_4)
FNDA:0,(anonymous_5)
FNDA:0,(anonymous_6)
FNDA:0,(anonymous_7)
FNDA:0,(anonymous_8)
FNDA:0,(anonymous_9)
FNDA:0,(anonymous_10)
FNDA:0,(anonymous_11)
FNDA:0,(anonymous_12)
DA:22,0
DA:23,0
DA:24,0
DA:25,0
DA:26,0
DA:27,0
DA:29,0
DA:31,0
DA:32,0
DA:33,0
DA:34,0
DA:35,0
DA:36,0
DA:37,0
DA:38,0
DA:40,0
DA:41,0
DA:44,0
DA:46,0
DA:47,0
DA:50,0
DA:51,0
DA:52,0
DA:53,0
DA:54,0
DA:55,0
DA:58,0
DA:59,0
DA:62,0
DA:81,0
DA:89,0
DA:92,0
LF:32
LH:0
BRDA:31,0,0,0
BRDA:35,1,0,0
BRDA:35,1,1,0
BRDA:47,2,0,0
BRDA:47,2,1,0
BRDA:47,2,2,0
BRDA:52,3,0,0
BRDA:52,3,1,0
BRDA:53,4,0,0
BRDA:53,4,1,0
BRDA:55,5,0,0
BRDA:55,5,1,0
BRDA:74,6,0,0
BRDA:74,6,1,0
BRDA:84,7,0,0
BRDA:84,7,1,0
BRF:16
BRH:0
end_of_record
TN:
SF:src\pages\admin\SystemAdminPage.tsx
FN:21,SystemAdminPage
FN:28,(anonymous_1)
FN:29,load
FN:40,handleSaveSettings
FN:67,(anonymous_4)
FN:68,(anonymous_5)
FN:96,(anonymous_6)
FN:96,(anonymous_7)
FN:100,(anonymous_8)
FN:100,(anonymous_9)
FN:112,(anonymous_10)
FN:112,(anonymous_11)
FN:138,(anonymous_12)
FN:139,(anonymous_13)
FN:140,(anonymous_14)
FN:141,(anonymous_15)
FN:142,(anonymous_16)
FN:149,(anonymous_17)
FN:162,(anonymous_18)
FN:163,(anonymous_19)
FN:164,(anonymous_20)
FN:165,(anonymous_21)
FN:166,(anonymous_22)
FN:172,(anonymous_23)
FN:174,(anonymous_24)
FNF:25
FNH:0
FNDA:0,SystemAdminPage
FNDA:0,(anonymous_1)
FNDA:0,load
FNDA:0,handleSaveSettings
FNDA:0,(anonymous_4)
FNDA:0,(anonymous_5)
FNDA:0,(anonymous_6)
FNDA:0,(anonymous_7)
FNDA:0,(anonymous_8)
FNDA:0,(anonymous_9)
FNDA:0,(anonymous_10)
FNDA:0,(anonymous_11)
FNDA:0,(anonymous_12)
FNDA:0,(anonymous_13)
FNDA:0,(anonymous_14)
FNDA:0,(anonymous_15)
FNDA:0,(anonymous_16)
FNDA:0,(anonymous_17)
FNDA:0,(anonymous_18)
FNDA:0,(anonymous_19)
FNDA:0,(anonymous_20)
FNDA:0,(anonymous_21)
FNDA:0,(anonymous_22)
FNDA:0,(anonymous_23)
FNDA:0,(anonymous_24)
DA:22,0
DA:23,0
DA:24,0
DA:25,0
DA:26,0
DA:28,0
DA:30,0
DA:31,0
DA:32,0
DA:33,0
DA:35,0
DA:37,0
DA:41,0
DA:42,0
DA:43,0
DA:44,0
DA:45,0
DA:46,0
DA:47,0
DA:48,0
DA:51,0
DA:57,0
DA:68,0
DA:96,0
DA:100,0
DA:112,0
DA:138,0
DA:139,0
DA:140,0
DA:141,0
DA:142,0
DA:149,0
DA:162,0
DA:163,0
DA:164,0
DA:165,0
DA:166,0
DA:172,0
LF:38
LH:0
BRDA:33,0,0,0
BRDA:33,0,1,0
BRDA:45,1,0,0
BRDA:45,1,1,0
BRDA:70,2,0,0
BRDA:70,2,1,0
BRDA:71,3,0,0
BRDA:71,3,1,0
BRDA:72,4,0,0
BRDA:72,4,1,0
BRDA:81,5,0,0
BRDA:81,5,1,0
BRDA:83,6,0,0
BRDA:83,6,1,0
BRDA:83,7,0,0
BRDA:83,7,1,0
BRDA:84,8,0,0
BRDA:84,8,1,0
BRDA:121,9,0,0
BRDA:121,9,1,0
BRDA:129,10,0,0
BRDA:129,10,1,0
BRDA:155,11,0,0
BRDA:155,11,1,0
BRDA:166,12,0,0
BRDA:166,12,1,0
BRF:26
BRH:0
end_of_record
TN:
SF:src\pages\admin\_UserDirectoryShared.tsx
FN:21,UserDirectoryPage
FN:33,(anonymous_1)
FN:44,(anonymous_2)
FN:45,(anonymous_3)
FN:46,(anonymous_4)
FN:47,(anonymous_5)
FN:48,(anonymous_6)
FN:52,(anonymous_7)
FN:55,(anonymous_8)
FN:58,handleSearch
FN:61,(anonymous_10)
FN:64,handleToggleStatus
FN:70,(anonymous_12)
FN:88,(anonymous_13)
FN:95,(anonymous_14)
FN:98,(anonymous_15)
FN:103,(anonymous_16)
FN:124,(anonymous_17)
FN:136,(anonymous_18)
FNF:19
FNH:0
FNDA:0,UserDirectoryPage
FNDA:0,(anonymous_1)
FNDA:0,(anonymous_2)
FNDA:0,(anonymous_3)
FNDA:0,(anonymous_4)
FNDA:0,(anonymous_5)
FNDA:0,(anonymous_6)
FNDA:0,(anonymous_7)
FNDA:0,(anonymous_8)
FNDA:0,handleSearch
FNDA:0,(anonymous_10)
FNDA:0,handleToggleStatus
FNDA:0,(anonymous_12)
FNDA:0,(anonymous_13)
FNDA:0,(anonymous_14)
FNDA:0,(anonymous_15)
FNDA:0,(anonymous_16)
FNDA:0,(anonymous_17)
FNDA:0,(anonymous_18)
DA:22,0
DA:23,0
DA:24,0
DA:25,0
DA:26,0
DA:27,0
DA:28,0
DA:29,0
DA:30,0
DA:31,0
DA:33,0
DA:34,0
DA:35,0
DA:36,0
DA:37,0
DA:38,0
DA:39,0
DA:40,0
DA:43,0
DA:44,0
DA:45,0
DA:46,0
DA:47,0
DA:48,0
DA:51,0
DA:52,0
DA:55,0
DA:57,0
DA:59,0
DA:60,0
DA:61,0
DA:65,0
DA:66,0
DA:67,0
DA:68,0
DA:69,0
DA:70,0
DA:71,0
DA:72,0
DA:73,0
DA:76,0
DA:88,0
DA:95,0
DA:98,0
DA:103,0
DA:125,0
DA:136,0
LF:47
LH:0
BRDA:33,0,0,0
BRDA:33,1,0,0
BRDA:36,2,0,0
BRDA:36,2,1,0
BRDA:37,3,0,0
BRDA:37,3,1,0
BRDA:38,4,0,0
BRDA:38,4,1,0
BRDA:46,5,0,0
BRDA:46,5,1,0
BRDA:48,6,0,0
BRDA:48,6,1,0
BRDA:60,7,0,0
BRDA:60,7,1,0
BRDA:65,8,0,0
BRDA:65,8,1,0
BRDA:69,9,0,0
BRDA:69,9,1,0
BRDA:70,10,0,0
BRDA:70,10,1,0
BRDA:85,11,0,0
BRDA:85,11,1,0
BRDA:90,12,0,0
BRDA:90,12,1,0
BRDA:104,13,0,0
BRDA:104,13,1,0
BRDA:106,14,0,0
BRDA:106,14,1,0
BRDA:106,15,0,0
BRDA:106,15,1,0
BRDA:121,16,0,0
BRDA:121,16,1,0
BRDA:134,17,0,0
BRDA:134,17,1,0
BRDA:138,18,0,0
BRDA:138,18,1,0
BRDA:138,19,0,0
BRDA:138,19,1,0
BRF:38
BRH:0
end_of_record
TN:
SF:src\pages\admin\_adminShared.tsx
FN:23,(anonymous_0)
FN:26,(anonymous_1)
FN:31,extractApiError
FN:38,Spinner
FN:47,ErrorBanner
FN:58,SuccessBanner
FN:69,StatusBadge
FN:89,Drawer
FN:131,ConfirmModal
FN:150,Pagination
FN:154,(anonymous_10)
FN:156,(anonymous_11)
FNF:12
FNH:0
FNDA:0,(anonymous_0)
FNDA:0,(anonymous_1)
FNDA:0,extractApiError
FNDA:0,Spinner
FNDA:0,ErrorBanner
FNDA:0,SuccessBanner
FNDA:0,StatusBadge
FNDA:0,Drawer
FNDA:0,ConfirmModal
FNDA:0,Pagination
FNDA:0,(anonymous_10)
FNDA:0,(anonymous_11)
DA:23,0
DA:24,0
DA:26,0
DA:27,0
DA:28,0
DA:32,0
DA:33,0
DA:39,0
DA:48,0
DA:59,0
DA:70,0
DA:85,0
DA:86,0
DA:92,0
DA:135,0
DA:136,0
DA:151,0
DA:152,0
DA:154,0
DA:156,0
LF:20
LH:0
BRDA:27,0,0,0
BRDA:27,0,1,0
BRDA:33,1,0,0
BRDA:33,1,1,0
BRDA:85,2,0,0
BRDA:85,2,1,0
BRDA:95,3,0,0
BRDA:95,3,1,0
BRDA:108,4,0,0
BRDA:108,4,1,0
BRDA:131,5,0,0
BRDA:135,6,0,0
BRDA:135,6,1,0
BRDA:143,7,0,0
BRDA:143,7,1,0
BRDA:151,8,0,0
BRDA:151,8,1,0
BRF:17
BRH:0
end_of_record
TN:
SF:src\pages\customer\BookingCancellationPage.tsx
FNF:0
FNH:0
LF:0
LH:0
BRF:0
BRH:0
end_of_record
TN:
SF:src\pages\customer\BookingDetailPage.tsx
FN:18,StatusBadge
FN:23,BookingDetailPage
FN:25,(anonymous_2)
FN:60,(anonymous_3)
FNF:4
FNH:0
FNDA:0,StatusBadge
FNDA:0,BookingDetailPage
FNDA:0,(anonymous_2)
FNDA:0,(anonymous_3)
DA:4,0
DA:10,0
DA:19,0
DA:20,0
DA:24,0
DA:25,0
DA:27,0
DA:28,0
DA:29,0
DA:30,0
DA:32,0
DA:61,0
LF:12
LH:0
BRDA:19,0,0,0
BRDA:19,0,1,0
BRDA:25,1,0,0
BRDA:25,1,1,0
BRDA:67,2,0,0
BRDA:67,2,1,0
BRDA:78,3,0,0
BRDA:78,3,1,0
BRDA:78,4,0,0
BRDA:78,4,1,0
BRDA:79,5,0,0
BRDA:79,5,1,0
BRDA:80,6,0,0
BRDA:80,6,1,0
BRDA:86,7,0,0
BRDA:86,7,1,0
BRDA:86,8,0,0
BRDA:86,8,1,0
BRDA:114,9,0,0
BRDA:114,9,1,0
BRDA:119,10,0,0
BRDA:119,10,1,0
BRDA:124,11,0,0
BRDA:124,11,1,0
BRDA:136,12,0,0
BRDA:136,12,1,0
BRF:26
BRH:0
end_of_record
TN:
SF:src\pages\customer\BookingFormPage.tsx
FN:8,formatVnd
FN:12,calcNights
FN:20,roomImageUrl
FN:21,(anonymous_3)
FN:25,BookingFormPage
FN:42,(anonymous_5)
FN:58,(anonymous_6)
FN:69,validate
FN:83,handleSubmit
FN:156,(anonymous_9)
FN:170,(anonymous_10)
FN:170,(anonymous_11)
FN:181,(anonymous_12)
FN:181,(anonymous_13)
FN:195,(anonymous_14)
FN:195,(anonymous_15)
FN:208,(anonymous_16)
FN:208,(anonymous_17)
FNF:18
FNH:0
FNDA:0,formatVnd
FNDA:0,calcNights
FNDA:0,roomImageUrl
FNDA:0,(anonymous_3)
FNDA:0,BookingFormPage
FNDA:0,(anonymous_5)
FNDA:0,(anonymous_6)
FNDA:0,validate
FNDA:0,handleSubmit
FNDA:0,(anonymous_9)
FNDA:0,(anonymous_10)
FNDA:0,(anonymous_11)
FNDA:0,(anonymous_12)
FNDA:0,(anonymous_13)
FNDA:0,(anonymous_14)
FNDA:0,(anonymous_15)
FNDA:0,(anonymous_16)
FNDA:0,(anonymous_17)
DA:9,0
DA:13,0
DA:14,0
DA:15,0
DA:16,0
DA:17,0
DA:21,0
DA:22,0
DA:26,0
DA:27,0
DA:28,0
DA:29,0
DA:30,0
DA:31,0
DA:32,0
DA:38,0
DA:39,0
DA:40,0
DA:42,0
DA:43,0
DA:44,0
DA:45,0
DA:46,0
DA:47,0
DA:48,0
DA:50,0
DA:51,0
DA:52,0
DA:54,0
DA:58,0
DA:59,0
DA:62,0
DA:63,0
DA:64,0
DA:65,0
DA:66,0
DA:67,0
DA:70,0
DA:71,0
DA:72,0
DA:73,0
DA:74,0
DA:76,0
DA:77,0
DA:78,0
DA:80,0
DA:84,0
DA:85,0
DA:86,0
DA:87,0
DA:88,0
DA:89,0
DA:91,0
DA:92,0
DA:93,0
DA:94,0
DA:95,0
DA:102,0
DA:104,0
DA:105,0
DA:107,0
DA:111,0
DA:112,0
DA:121,0
DA:122,0
DA:134,0
DA:156,0
DA:170,0
DA:181,0
DA:195,0
DA:208,0
LF:71
LH:0
BRDA:13,0,0,0
BRDA:13,0,1,0
BRDA:13,1,0,0
BRDA:13,1,1,0
BRDA:17,2,0,0
BRDA:17,2,1,0
BRDA:22,3,0,0
BRDA:22,3,1,0
BRDA:22,3,2,0
BRDA:33,4,0,0
BRDA:33,4,1,0
BRDA:34,5,0,0
BRDA:34,5,1,0
BRDA:35,6,0,0
BRDA:35,6,1,0
BRDA:43,7,0,0
BRDA:43,7,1,0
BRDA:51,8,0,0
BRDA:51,8,1,0
BRDA:63,9,0,0
BRDA:63,9,1,0
BRDA:67,10,0,0
BRDA:67,10,1,0
BRDA:71,11,0,0
BRDA:71,11,1,0
BRDA:72,12,0,0
BRDA:72,12,1,0
BRDA:73,13,0,0
BRDA:73,13,1,0
BRDA:73,14,0,0
BRDA:73,14,1,0
BRDA:73,14,2,0
BRDA:76,15,0,0
BRDA:76,15,1,0
BRDA:77,16,0,0
BRDA:77,16,1,0
BRDA:77,17,0,0
BRDA:77,17,1,0
BRDA:85,18,0,0
BRDA:85,18,1,0
BRDA:85,19,0,0
BRDA:85,19,1,0
BRDA:87,20,0,0
BRDA:87,20,1,0
BRDA:100,21,0,0
BRDA:100,21,1,0
BRDA:105,22,0,0
BRDA:105,22,1,0
BRDA:111,23,0,0
BRDA:111,23,1,0
BRDA:121,24,0,0
BRDA:121,24,1,0
BRDA:121,25,0,0
BRDA:121,25,1,0
BRDA:125,26,0,0
BRDA:125,26,1,0
BRDA:146,27,0,0
BRDA:146,27,1,0
BRDA:154,28,0,0
BRDA:154,28,1,0
BRDA:168,29,0,0
BRDA:168,29,1,0
BRDA:172,30,0,0
BRDA:172,30,1,0
BRDA:179,31,0,0
BRDA:179,31,1,0
BRDA:183,32,0,0
BRDA:183,32,1,0
BRDA:193,33,0,0
BRDA:193,33,1,0
BRDA:197,34,0,0
BRDA:197,34,1,0
BRDA:224,35,0,0
BRDA:224,35,1,0
BRDA:224,35,2,0
BRDA:226,36,0,0
BRDA:226,36,1,0
BRDA:233,37,0,0
BRDA:233,37,1,0
BRDA:265,38,0,0
BRDA:265,38,1,0
BRF:81
BRH:0
end_of_record
TN:
SF:src\pages\customer\BookingListPage.tsx
FN:26,StatusBadge
FN:31,formatDate
FN:35,formatVnd
FN:39,filterByTab
FN:42,(anonymous_4)
FN:44,(anonymous_5)
FN:46,(anonymous_6)
FN:52,BookingListPage
FN:58,(anonymous_8)
FN:73,(anonymous_9)
FN:77,(anonymous_10)
FN:87,(anonymous_11)
FN:92,(anonymous_12)
FN:101,(anonymous_13)
FN:121,(anonymous_14)
FNF:15
FNH:0
FNDA:0,StatusBadge
FNDA:0,formatDate
FNDA:0,formatVnd
FNDA:0,filterByTab
FNDA:0,(anonymous_4)
FNDA:0,(anonymous_5)
FNDA:0,(anonymous_6)
FNDA:0,BookingListPage
FNDA:0,(anonymous_8)
FNDA:0,(anonymous_9)
FNDA:0,(anonymous_10)
FNDA:0,(anonymous_11)
FNDA:0,(anonymous_12)
FNDA:0,(anonymous_13)
FNDA:0,(anonymous_14)
DA:9,0
DA:16,0
DA:18,0
DA:27,0
DA:28,0
DA:32,0
DA:36,0
DA:40,0
DA:42,0
DA:44,0
DA:46,0
DA:48,0
DA:53,0
DA:54,0
DA:55,0
DA:56,0
DA:58,0
DA:59,0
DA:60,0
DA:61,0
DA:62,0
DA:63,0
DA:65,0
DA:66,0
DA:67,0
DA:69,0
DA:73,0
DA:74,0
DA:77,0
DA:79,0
DA:88,0
DA:92,0
DA:101,0
DA:122,0
LF:34
LH:0
BRDA:27,0,0,0
BRDA:27,0,1,0
BRDA:40,1,0,0
BRDA:40,1,1,0
BRDA:40,1,2,0
BRDA:40,1,3,0
BRDA:66,2,0,0
BRDA:66,2,1,0
BRDA:91,3,0,0
BRDA:91,3,1,0
BRDA:99,4,0,0
BRDA:99,4,1,0
BRDA:108,5,0,0
BRDA:108,5,1,0
BRDA:110,6,0,0
BRDA:110,6,1,0
BRDA:115,7,0,0
BRDA:115,7,1,0
BRDA:137,8,0,0
BRDA:137,8,1,0
BRDA:142,9,0,0
BRDA:142,9,1,0
BRDA:142,9,2,0
BRF:23
BRH:0
end_of_record
TN:
SF:src\pages\customer\BookingPages.tsx
FN:13,(anonymous_0)
FN:22,extractApiError
FN:38,StatusBadge
FN:50,formatDate
FN:54,formatVndList
FN:58,formatVnd
FN:62,(anonymous_6)
FN:65,BookingFormPage
FN:84,(anonymous_8)
FN:87,load
FN:94,(anonymous_10)
FN:103,(anonymous_11)
FN:107,(anonymous_12)
FN:117,(anonymous_13)
FN:128,(anonymous_14)
FN:141,adjustGuests
FN:142,(anonymous_16)
FN:145,validate
FN:163,handleSubmit
FN:258,(anonymous_19)
FN:258,(anonymous_20)
FN:266,(anonymous_21)
FN:266,(anonymous_22)
FN:287,(anonymous_23)
FN:293,(anonymous_24)
FN:305,(anonymous_25)
FN:305,(anonymous_26)
FN:390,BookingListPage
FN:399,(anonymous_28)
FN:401,load_2
FN:423,(anonymous_30)
FN:426,handleFilterChange
FN:446,(anonymous_32)
FN:447,(anonymous_33)
FN:481,(anonymous_34)
FN:489,(anonymous_35)
FN:550,bookingCode
FN:554,paymentBadgeCls
FN:560,BookingDetailPage
FN:566,(anonymous_39)
FN:571,(anonymous_40)
FN:572,(anonymous_41)
FN:573,(anonymous_42)
FN:606,(anonymous_43)
FN:607,(anonymous_44)
FN:657,(anonymous_45)
FN:810,BookingCancellationPage
FN:822,(anonymous_47)
FN:829,(anonymous_48)
FN:834,(anonymous_49)
FN:838,(anonymous_50)
FN:839,(anonymous_51)
FN:842,handleCancel
FN:954,(anonymous_53)
FN:962,(anonymous_54)
FNF:55
FNH:0
FNDA:0,(anonymous_0)
FNDA:0,extractApiError
FNDA:0,StatusBadge
FNDA:0,formatDate
FNDA:0,formatVndList
FNDA:0,formatVnd
FNDA:0,(anonymous_6)
FNDA:0,BookingFormPage
FNDA:0,(anonymous_8)
FNDA:0,load
FNDA:0,(anonymous_10)
FNDA:0,(anonymous_11)
FNDA:0,(anonymous_12)
FNDA:0,(anonymous_13)
FNDA:0,(anonymous_14)
FNDA:0,adjustGuests
FNDA:0,(anonymous_16)
FNDA:0,validate
FNDA:0,handleSubmit
FNDA:0,(anonymous_19)
FNDA:0,(anonymous_20)
FNDA:0,(anonymous_21)
FNDA:0,(anonymous_22)
FNDA:0,(anonymous_23)
FNDA:0,(anonymous_24)
FNDA:0,(anonymous_25)
FNDA:0,(anonymous_26)
FNDA:0,BookingListPage
FNDA:0,(anonymous_28)
FNDA:0,load_2
FNDA:0,(anonymous_30)
FNDA:0,handleFilterChange
FNDA:0,(anonymous_32)
FNDA:0,(anonymous_33)
FNDA:0,(anonymous_34)
FNDA:0,(anonymous_35)
FNDA:0,bookingCode
FNDA:0,paymentBadgeCls
FNDA:0,BookingDetailPage
FNDA:0,(anonymous_39)
FNDA:0,(anonymous_40)
FNDA:0,(anonymous_41)
FNDA:0,(anonymous_42)
FNDA:0,(anonymous_43)
FNDA:0,(anonymous_44)
FNDA:0,(anonymous_45)
FNDA:0,BookingCancellationPage
FNDA:0,(anonymous_47)
FNDA:0,(anonymous_48)
FNDA:0,(anonymous_49)
FNDA:0,(anonymous_50)
FNDA:0,(anonymous_51)
FNDA:0,handleCancel
FNDA:0,(anonymous_53)
FNDA:0,(anonymous_54)
DA:13,0
DA:14,0
DA:15,0
DA:16,0
DA:17,0
DA:19,0
DA:23,0
DA:24,0
DA:25,0
DA:26,0
DA:27,0
DA:28,0
DA:31,0
DA:39,0
DA:46,0
DA:47,0
DA:51,0
DA:55,0
DA:59,0
DA:62,0
DA:66,0
DA:67,0
DA:68,0
DA:69,0
DA:76,0
DA:77,0
DA:78,0
DA:79,0
DA:80,0
DA:81,0
DA:82,0
DA:84,0
DA:85,0
DA:86,0
DA:88,0
DA:89,0
DA:90,0
DA:91,0
DA:92,0
DA:93,0
DA:94,0
DA:97,0
DA:99,0
DA:102,0
DA:103,0
DA:107,0
DA:108,0
DA:109,0
DA:110,0
DA:112,0
DA:113,0
DA:114,0
DA:116,0
DA:117,0
DA:118,0
DA:119,0
DA:120,0
DA:121,0
DA:123,0
DA:125,0
DA:128,0
DA:131,0
DA:132,0
DA:134,0
DA:137,0
DA:138,0
DA:139,0
DA:142,0
DA:146,0
DA:147,0
DA:148,0
DA:149,0
DA:150,0
DA:151,0
DA:152,0
DA:153,0
DA:154,0
DA:155,0
DA:156,0
DA:157,0
DA:158,0
DA:159,0
DA:160,0
DA:164,0
DA:165,0
DA:166,0
DA:167,0
DA:168,0
DA:169,0
DA:170,0
DA:171,0
DA:172,0
DA:173,0
DA:174,0
DA:175,0
DA:178,0
DA:185,0
DA:187,0
DA:189,0
DA:193,0
DA:197,0
DA:199,0
DA:258,0
DA:266,0
DA:287,0
DA:293,0
DA:305,0
DA:379,0
DA:380,0
DA:388,0
DA:391,0
DA:392,0
DA:393,0
DA:394,0
DA:395,0
DA:396,0
DA:397,0
DA:399,0
DA:400,0
DA:402,0
DA:403,0
DA:404,0
DA:405,0
DA:411,0
DA:412,0
DA:413,0
DA:414,0
DA:417,0
DA:419,0
DA:422,0
DA:423,0
DA:427,0
DA:428,0
DA:431,0
DA:432,0
DA:434,0
DA:447,0
DA:482,0
DA:490,0
DA:536,0
DA:544,0
DA:551,0
DA:555,0
DA:556,0
DA:557,0
DA:561,0
DA:562,0
DA:563,0
DA:564,0
DA:566,0
DA:567,0
DA:568,0
DA:569,0
DA:570,0
DA:571,0
DA:572,0
DA:573,0
DA:576,0
DA:577,0
DA:586,0
DA:587,0
DA:599,0
DA:602,0
DA:603,0
DA:604,0
DA:606,0
DA:607,0
DA:609,0
DA:610,0
DA:612,0
DA:613,0
DA:615,0
DA:616,0
DA:617,0
DA:619,0
DA:621,0
DA:658,0
DA:808,0
DA:811,0
DA:812,0
DA:813,0
DA:814,0
DA:815,0
DA:816,0
DA:817,0
DA:818,0
DA:819,0
DA:820,0
DA:822,0
DA:823,0
DA:824,0
DA:825,0
DA:826,0
DA:827,0
DA:830,0
DA:831,0
DA:835,0
DA:836,0
DA:838,0
DA:839,0
DA:843,0
DA:844,0
DA:845,0
DA:846,0
DA:847,0
DA:848,0
DA:850,0
DA:851,0
DA:855,0
DA:856,0
DA:865,0
DA:866,0
DA:878,0
DA:879,0
DA:891,0
DA:892,0
DA:894,0
DA:954,0
DA:962,0
LF:219
LH:0
BRDA:14,0,0,0
BRDA:14,0,1,0
BRDA:15,1,0,0
BRDA:15,1,1,0
BRDA:15,2,0,0
BRDA:15,2,1,0
BRDA:17,3,0,0
BRDA:17,3,1,0
BRDA:24,4,0,0
BRDA:24,4,1,0
BRDA:24,5,0,0
BRDA:24,5,1,0
BRDA:25,6,0,0
BRDA:25,6,1,0
BRDA:25,7,0,0
BRDA:25,7,1,0
BRDA:27,8,0,0
BRDA:27,8,1,0
BRDA:27,9,0,0
BRDA:27,9,1,0
BRDA:46,10,0,0
BRDA:46,10,1,0
BRDA:70,11,0,0
BRDA:70,11,1,0
BRDA:71,12,0,0
BRDA:71,12,1,0
BRDA:72,13,0,0
BRDA:72,13,1,0
BRDA:85,14,0,0
BRDA:85,14,1,0
BRDA:92,15,0,0
BRDA:92,15,1,0
BRDA:97,16,0,0
BRDA:97,16,1,0
BRDA:99,17,0,0
BRDA:99,17,1,0
BRDA:108,18,0,0
BRDA:108,18,1,0
BRDA:108,19,0,0
BRDA:108,19,1,0
BRDA:108,19,2,0
BRDA:112,20,0,0
BRDA:112,20,1,0
BRDA:121,21,0,0
BRDA:121,21,1,0
BRDA:123,22,0,0
BRDA:123,22,1,0
BRDA:125,23,0,0
BRDA:125,23,1,0
BRDA:131,24,0,0
BRDA:131,24,1,0
BRDA:132,25,0,0
BRDA:132,25,1,0
BRDA:134,26,0,0
BRDA:134,26,1,0
BRDA:134,27,0,0
BRDA:134,27,1,0
BRDA:134,27,2,0
BRDA:147,28,0,0
BRDA:147,28,1,0
BRDA:148,29,0,0
BRDA:148,29,1,0
BRDA:149,30,0,0
BRDA:149,30,1,0
BRDA:149,31,0,0
BRDA:149,31,1,0
BRDA:151,32,0,0
BRDA:151,32,1,0
BRDA:151,33,0,0
BRDA:151,33,1,0
BRDA:151,33,2,0
BRDA:153,34,0,0
BRDA:153,34,1,0
BRDA:154,35,0,0
BRDA:154,35,1,0
BRDA:155,36,0,0
BRDA:155,36,1,0
BRDA:156,37,0,0
BRDA:156,37,1,0
[...]
BRDA:122,12,1,0
BRDA:127,13,0,0
BRDA:127,13,1,0
BRDA:135,14,0,0
BRDA:135,14,1,0
BRDA:141,15,0,0
BRDA:141,15,1,0
BRDA:147,16,0,0
BRDA:147,16,1,0
BRDA:147,17,0,0
BRDA:147,17,1,0
BRDA:148,18,0,0
BRDA:148,18,1,0
BRDA:165,19,0,0
BRDA:165,19,1,0
BRDA:165,20,0,0
BRDA:165,20,1,0
BRDA:166,21,0,0
BRDA:166,21,1,0
BRDA:220,22,0,0
BRDA:220,22,1,0
BRDA:223,23,0,0
BRDA:223,23,1,0
BRDA:223,23,2,0
BRDA:245,24,0,0
BRDA:245,24,1,0
BRDA:252,25,0,0
BRDA:252,25,1,0
BRDA:262,26,0,0
BRDA:262,26,1,0
BRDA:263,27,0,0
BRDA:263,27,1,0
BRDA:274,28,0,0
BRDA:274,28,1,0
BRDA:287,29,0,0
BRDA:287,29,1,0
BRDA:300,30,0,0
BRDA:300,30,1,0
BRDA:326,31,0,0
BRDA:326,31,1,0
BRDA:347,32,0,0
BRDA:347,32,1,0
BRDA:365,33,0,0
BRDA:365,33,1,0
BRDA:395,34,0,0
BRDA:395,34,1,0
BRF:71
BRH:0
end_of_record
TN:
SF:src\pages\public\RegisterPage.tsx
FN:7,PasswordStrength
FN:8,(anonymous_1)
FN:15,(anonymous_2)
FN:33,ShowPasswordButton
FN:66,RegisterPage
FN:82,validate
FN:110,handleApiError
FN:134,handleSubmit
FN:171,(anonymous_8)
FN:172,(anonymous_9)
FN:233,(anonymous_10)
FN:250,(anonymous_11)
FN:267,(anonymous_12)
FN:285,(anonymous_13)
FN:290,(anonymous_14)
FN:307,(anonymous_15)
FN:312,(anonymous_16)
FN:321,(anonymous_17)
FNF:18
FNH:0
FNDA:0,PasswordStrength
FNDA:0,(anonymous_1)
FNDA:0,(anonymous_2)
FNDA:0,ShowPasswordButton
FNDA:0,RegisterPage
FNDA:0,validate
FNDA:0,handleApiError
FNDA:0,handleSubmit
FNDA:0,(anonymous_8)
FNDA:0,(anonymous_9)
FNDA:0,(anonymous_10)
FNDA:0,(anonymous_11)
FNDA:0,(anonymous_12)
FNDA:0,(anonymous_13)
FNDA:0,(anonymous_14)
FNDA:0,(anonymous_15)
FNDA:0,(anonymous_16)
FNDA:0,(anonymous_17)
DA:8,0
DA:9,0
DA:10,0
DA:11,0
DA:12,0
DA:16,0
DA:34,0
DA:67,0
DA:68,0
DA:76,0
DA:77,0
DA:78,0
DA:79,0
DA:80,0
DA:83,0
DA:84,0
DA:86,0
DA:87,0
DA:89,0
DA:90,0
DA:92,0
DA:93,0
DA:94,0
DA:95,0
DA:98,0
DA:99,0
DA:100,0
DA:102,0
DA:103,0
DA:105,0
DA:107,0
DA:111,0
DA:120,0
DA:121,0
DA:122,0
DA:125,0
DA:126,0
DA:127,0
DA:128,0
DA:131,0
DA:135,0
DA:136,0
DA:138,0
DA:139,0
DA:140,0
DA:141,0
DA:144,0
DA:145,0
DA:147,0
DA:148,0
DA:150,0
DA:151,0
DA:158,0
DA:159,0
DA:160,0
DA:163,0
DA:165,0
DA:167,0
DA:171,0
DA:172,0
DA:175,0
DA:233,0
DA:250,0
DA:267,0
DA:285,0
DA:290,0
DA:307,0
DA:312,0
DA:321,0
LF:69
LH:0
BRDA:11,0,0,0
BRDA:11,0,1,0
BRDA:22,1,0,0
BRDA:22,1,1,0
BRDA:38,2,0,0
BRDA:38,2,1,0
BRDA:51,3,0,0
BRDA:51,3,1,0
BRDA:86,4,0,0
BRDA:86,4,1,0
BRDA:87,5,0,0
BRDA:87,5,1,0
BRDA:89,6,0,0
BRDA:89,6,1,0
BRDA:90,7,0,0
BRDA:90,7,1,0
BRDA:93,8,0,0
BRDA:93,8,1,0
BRDA:94,9,0,0
BRDA:94,9,1,0
BRDA:98,10,0,0
BRDA:98,10,1,0
BRDA:99,11,0,0
BRDA:99,11,1,0
BRDA:100,12,0,0
BRDA:100,12,1,0
BRDA:102,13,0,0
BRDA:102,13,1,0
BRDA:103,14,0,0
BRDA:103,14,1,0
BRDA:105,15,0,0
BRDA:105,15,1,0
BRDA:120,16,0,0
BRDA:120,16,1,0
BRDA:126,17,0,0
BRDA:126,17,1,0
BRDA:126,18,0,0
BRDA:126,18,1,0
BRDA:131,19,0,0
BRDA:131,19,1,0
BRDA:139,20,0,0
BRDA:139,20,1,0
BRDA:158,21,0,0
BRDA:158,21,1,0
BRDA:159,22,0,0
BRDA:159,22,1,0
BRDA:217,23,0,0
BRDA:217,23,1,0
BRDA:230,24,0,0
BRDA:230,24,1,0
BRDA:237,25,0,0
BRDA:237,25,1,0
BRDA:247,26,0,0
BRDA:247,26,1,0
BRDA:254,27,0,0
BRDA:254,27,1,0
BRDA:264,28,0,0
BRDA:264,28,1,0
BRDA:271,29,0,0
BRDA:271,29,1,0
BRDA:281,30,0,0
BRDA:281,30,1,0
BRDA:282,31,0,0
BRDA:282,31,1,0
BRDA:293,32,0,0
BRDA:293,32,1,0
BRDA:303,33,0,0
BRDA:303,33,1,0
BRDA:304,34,0,0
BRDA:304,34,1,0
BRDA:314,35,0,0
BRDA:314,35,1,0
BRDA:340,36,0,0
BRDA:340,36,1,0
BRF:74
BRH:0
end_of_record
TN:
SF:src\pages\public\ResetPasswordPage.tsx
FN:6,isValidEmail
FN:10,PasswordStrength
FN:11,(anonymous_2)
FN:18,(anonymous_3)
FN:28,(anonymous_4)
FN:29,(anonymous_5)
FN:30,(anonymous_6)
FN:33,ResetPasswordPage
FN:49,(anonymous_8)
FN:55,(anonymous_9)
FN:57,(anonymous_10)
FN:58,(anonymous_11)
FN:61,validate
FN:73,handleApiError
FN:101,handleSubmit
FN:174,(anonymous_15)
FN:175,(anonymous_16)
FN:176,(anonymous_17)
FN:183,(anonymous_18)
FN:206,(anonymous_19)
FN:207,(anonymous_20)
FN:208,(anonymous_21)
FN:215,(anonymous_22)
FN:229,(anonymous_23)
FNF:24
FNH:0
FNDA:0,isValidEmail
FNDA:0,PasswordStrength
FNDA:0,(anonymous_2)
FNDA:0,(anonymous_3)
FNDA:0,(anonymous_4)
FNDA:0,(anonymous_5)
FNDA:0,(anonymous_6)
FNDA:0,ResetPasswordPage
FNDA:0,(anonymous_8)
FNDA:0,(anonymous_9)
FNDA:0,(anonymous_10)
FNDA:0,(anonymous_11)
FNDA:0,validate
FNDA:0,handleApiError
FNDA:0,handleSubmit
FNDA:0,(anonymous_15)
FNDA:0,(anonymous_16)
FNDA:0,(anonymous_17)
FNDA:0,(anonymous_18)
FNDA:0,(anonymous_19)
FNDA:0,(anonymous_20)
FNDA:0,(anonymous_21)
FNDA:0,(anonymous_22)
FNDA:0,(anonymous_23)
DA:7,0
DA:11,0
DA:12,0
DA:13,0
DA:14,0
DA:15,0
DA:19,0
DA:27,0
DA:28,0
DA:29,0
DA:30,0
DA:34,0
DA:35,0
DA:36,0
DA:37,0
DA:38,0
DA:40,0
DA:41,0
DA:42,0
DA:43,0
DA:44,0
DA:45,0
DA:46,0
DA:47,0
DA:49,0
DA:50,0
DA:51,0
DA:55,0
DA:56,0
DA:57,0
DA:58,0
DA:62,0
DA:63,0
DA:64,0
DA:65,0
DA:66,0
DA:67,0
DA:68,0
DA:69,0
DA:70,0
DA:74,0
DA:78,0
DA:79,0
DA:80,0
DA:81,0
DA:84,0
DA:85,0
DA:86,0
DA:89,0
DA:90,0
DA:93,0
DA:94,0
DA:97,0
DA:98,0
DA:102,0
DA:103,0
DA:104,0
DA:105,0
DA:107,0
DA:108,0
DA:109,0
DA:110,0
DA:111,0
DA:112,0
DA:114,0
DA:116,0
DA:118,0
DA:122,0
DA:124,0
DA:175,0
DA:176,0
DA:177,0
DA:183,0
DA:207,0
DA:208,0
DA:209,0
DA:215,0
DA:230,0
DA:231,0
LF:79
LH:0
BRDA:14,0,0,0
BRDA:14,0,1,0
BRDA:19,1,0,0
BRDA:19,1,1,0
BRDA:36,2,0,0
BRDA:36,2,1,0
BRDA:37,3,0,0
BRDA:37,3,1,0
BRDA:37,3,2,0
BRDA:38,4,0,0
BRDA:38,4,1,0
BRDA:50,5,0,0
BRDA:50,5,1,0
BRDA:56,6,0,0
BRDA:56,6,1,0
BRDA:63,7,0,0
BRDA:63,7,1,0
BRDA:64,8,0,0
BRDA:64,8,1,0
BRDA:65,9,0,0
BRDA:65,9,1,0
BRDA:66,10,0,0
BRDA:66,10,1,0
BRDA:67,11,0,0
BRDA:67,11,1,0
BRDA:68,12,0,0
BRDA:68,12,1,0
BRDA:78,13,0,0
BRDA:78,13,1,0
BRDA:85,14,0,0
BRDA:85,14,1,0
BRDA:86,15,0,0
BRDA:86,15,1,0
BRDA:86,15,2,0
BRDA:86,15,3,0
BRDA:89,16,0,0
BRDA:89,16,1,0
BRDA:90,17,0,0
BRDA:90,17,1,0
BRDA:105,18,0,0
BRDA:105,18,1,0
BRDA:110,19,0,0
BRDA:110,19,1,0
BRDA:111,20,0,0
BRDA:111,20,1,0
BRDA:122,21,0,0
BRDA:122,21,1,0
BRDA:148,22,0,0
BRDA:148,22,1,0
BRDA:152,23,0,0
BRDA:152,23,1,0
BRDA:155,24,0,0
BRDA:155,24,1,0
BRDA:170,25,0,0
BRDA:170,25,1,0
BRDA:171,26,0,0
BRDA:171,26,1,0
BRDA:183,27,0,0
BRDA:183,27,1,0
BRDA:185,28,0,0
BRDA:185,28,1,0
BRDA:192,29,0,0
BRDA:192,29,1,0
BRDA:202,30,0,0
BRDA:202,30,1,0
BRDA:203,31,0,0
BRDA:203,31,1,0
BRDA:215,32,0,0
BRDA:215,32,1,0
BRDA:217,33,0,0
BRDA:217,33,1,0
BRDA:223,34,0,0
BRDA:223,34,1,0
BRDA:233,35,0,0
BRDA:233,35,1,0
BRDA:234,36,0,0
BRDA:234,36,1,0
BRDA:236,37,0,0
BRDA:236,37,1,0
BRDA:243,38,0,0
BRDA:243,38,1,0
BRDA:252,39,0,0
BRDA:252,39,1,0
BRF:83
BRH:0
end_of_record
TN:
SF:src\pages\public\RoomDetailPage.tsx
FN:38,StatusBadge
FN:50,StarRating
FN:53,(anonymous_2)
FN:62,ReviewCard
FN:99,RoomDetailPage
FN:120,(anonymous_5)
FN:125,(anonymous_6)
FN:161,(anonymous_7)
FN:164,(anonymous_8)
FN:188,handleBookNow
FN:207,loadMoreReviews
FN:211,(anonymous_11)
FN:236,(anonymous_12)
FN:236,(anonymous_13)
FN:252,(anonymous_14)
FN:315,(anonymous_15)
FN:337,(anonymous_16)
FN:370,(anonymous_17)
FN:398,(anonymous_18)
FN:409,(anonymous_19)
FN:423,(anonymous_20)
FN:434,(anonymous_21)
FN:434,(anonymous_22)
FN:452,(anonymous_23)
FN:452,(anonymous_24)
FNF:25
FNH:0
FNDA:0,StatusBadge
FNDA:0,StarRating
FNDA:0,(anonymous_2)
FNDA:0,ReviewCard
FNDA:0,RoomDetailPage
FNDA:0,(anonymous_5)
FNDA:0,(anonymous_6)
FNDA:0,(anonymous_7)
FNDA:0,(anonymous_8)
FNDA:0,handleBookNow
FNDA:0,loadMoreReviews
FNDA:0,(anonymous_11)
FNDA:0,(anonymous_12)
FNDA:0,(anonymous_13)
FNDA:0,(anonymous_14)
FNDA:0,(anonymous_15)
FNDA:0,(anonymous_16)
FNDA:0,(anonymous_17)
FNDA:0,(anonymous_18)
FNDA:0,(anonymous_19)
FNDA:0,(anonymous_20)
FNDA:0,(anonymous_21)
FNDA:0,(anonymous_22)
FNDA:0,(anonymous_23)
FNDA:0,(anonymous_24)
DA:18,0
DA:39,0
DA:46,0
DA:47,0
DA:51,0
DA:54,0
DA:63,0
DA:64,0
DA:100,0
DA:101,0
DA:102,0
DA:103,0
DA:105,0
DA:106,0
DA:107,0
DA:108,0
DA:109,0
DA:110,0
DA:111,0
DA:112,0
DA:114,0
DA:115,0
DA:116,0
DA:117,0
DA:118,0
DA:120,0
DA:121,0
DA:122,0
DA:123,0
DA:125,0
DA:127,0
DA:129,0
DA:130,0
DA:131,0
DA:132,0
DA:137,0
DA:138,0
DA:141,0
DA:142,0
DA:143,0
DA:145,0
DA:146,0
DA:148,0
DA:151,0
DA:152,0
DA:153,0
DA:154,0
DA:156,0
DA:157,0
DA:158,0
DA:161,0
DA:164,0
DA:165,0
DA:166,0
DA:167,0
DA:169,0
DA:170,0
DA:171,0
DA:173,0
DA:174,0
DA:175,0
DA:177,0
DA:181,0
DA:184,0
DA:185,0
DA:186,0
DA:189,0
DA:190,0
DA:191,0
DA:192,0
DA:194,0
DA:195,0
DA:196,0
DA:198,0
DA:199,0
DA:200,0
DA:201,0
DA:202,0
DA:204,0
DA:208,0
DA:209,0
DA:210,0
DA:211,0
DA:212,0
DA:215,0
DA:216,0
DA:225,0
DA:226,0
DA:236,0
DA:247,0
DA:251,0
DA:252,0
DA:255,0
DA:256,0
DA:258,0
DA:316,0
DA:338,0
DA:371,0
DA:398,0
DA:409,0
DA:423,0
DA:434,0
DA:452,0
LF:103
LH:0
BRDA:46,0,0,0
BRDA:46,0,1,0
BRDA:50,1,0,0
BRDA:54,2,0,0
BRDA:54,2,1,0
BRDA:63,3,0,0
BRDA:63,3,1,0
BRDA:67,4,0,0
BRDA:67,4,1,0
BRDA:114,5,0,0
BRDA:114,5,1,0
BRDA:115,6,0,0
BRDA:115,6,1,0
BRDA:116,7,0,0
BRDA:116,7,1,0
BRDA:121,8,0,0
BRDA:121,8,1,0
BRDA:129,9,0,0
BRDA:129,9,1,0
BRDA:133,10,0,0
BRDA:133,10,1,0
BRDA:143,11,0,0
BRDA:143,11,1,0
BRDA:145,12,0,0
BRDA:145,12,1,0
BRDA:151,13,0,0
BRDA:151,13,1,0
BRDA:156,14,0,0
BRDA:156,14,1,0
BRDA:165,15,0,0
BRDA:165,15,1,0
BRDA:165,16,0,0
BRDA:165,16,1,0
BRDA:165,16,2,0
BRDA:169,17,0,0
BRDA:169,17,1,0
BRDA:173,18,0,0
BRDA:173,18,1,0
BRDA:181,19,0,0
BRDA:181,19,1,0
BRDA:181,20,0,0
BRDA:181,20,1,0
BRDA:181,20,2,0
BRDA:184,21,0,0
BRDA:184,21,1,0
BRDA:189,22,0,0
BRDA:189,22,1,0
BRDA:190,23,0,0
BRDA:190,23,1,0
BRDA:190,24,0,0
BRDA:190,24,1,0
BRDA:194,25,0,0
BRDA:194,25,1,0
BRDA:200,26,0,0
BRDA:200,26,1,0
BRDA:200,27,0,0
BRDA:200,27,1,0
BRDA:208,28,0,0
BRDA:208,28,1,0
BRDA:208,29,0,0
BRDA:208,29,1,0
BRDA:215,30,0,0
BRDA:215,30,1,0
BRDA:225,31,0,0
BRDA:225,31,1,0
BRDA:225,32,0,0
BRDA:225,32,1,0
BRDA:229,33,0,0
BRDA:229,33,1,0
BRDA:230,34,0,0
BRDA:230,34,1,0
BRDA:247,35,0,0
BRDA:247,35,1,0
BRDA:251,36,0,0
BRDA:251,36,1,0
BRDA:256,37,0,0
BRDA:256,37,1,0
BRDA:256,38,0,0
BRDA:256,38,1,0
BRDA:289,39,0,0
BRDA:289,39,1,0
BRDA:289,39,2,0
BRDA:325,40,0,0
BRDA:325,40,1,0
BRDA:349,41,0,0
BRDA:349,41,1,0
BRDA:364,42,0,0
BRDA:364,42,1,0
BRDA:375,43,0,0
BRDA:375,43,1,0
BRDA:408,44,0,0
BRDA:408,44,1,0
BRDA:415,45,0,0
BRDA:415,45,1,0
BRDA:421,46,0,0
BRDA:421,46,1,0
BRDA:461,47,0,0
BRDA:461,47,1,0
BRDA:478,48,0,0
BRDA:478,48,1,0
BRDA:480,49,0,0
BRDA:480,49,1,0
BRDA:480,50,0,0
BRDA:480,50,1,0
BRF:104
BRH:0
end_of_record
TN:
SF:src\pages\public\RoomListingPage.tsx
FN:5,RoomListingPage
FNF:1
FNH:0
FNDA:0,RoomListingPage
DA:6,0
LF:1
LH:0
BRF:0
BRH:0
end_of_record
TN:
SF:src\pages\public\SearchResultsPage.tsx
FN:15,SearchResultsContent
FN:108,(anonymous_1)
FN:108,(anonymous_2)
FN:109,(anonymous_3)
FN:125,(anonymous_4)
FN:125,(anonymous_5)
FN:126,(anonymous_6)
FN:127,(anonymous_7)
FN:141,(anonymous_8)
FN:141,(anonymous_9)
FN:142,(anonymous_10)
FN:143,(anonymous_11)
FN:158,(anonymous_12)
FN:159,(anonymous_13)
FN:176,(anonymous_14)
FN:181,(anonymous_15)
FN:194,(anonymous_16)
FN:199,(anonymous_17)
FN:214,(anonymous_18)
FN:214,(anonymous_19)
FN:224,(anonymous_20)
FN:224,(anonymous_21)
FN:239,(anonymous_22)
FN:239,(anonymous_23)
FN:240,(anonymous_24)
FN:241,(anonymous_25)
FN:251,(anonymous_26)
FN:263,(anonymous_27)
FN:280,(anonymous_28)
FN:294,(anonymous_29)
FN:302,(anonymous_30)
FN:325,(anonymous_31)
FN:338,SearchResultsPage
FNF:33
FNH:0
FNDA:0,SearchResultsContent
FNDA:0,(anonymous_1)
FNDA:0,(anonymous_2)
FNDA:0,(anonymous_3)
FNDA:0,(anonymous_4)
FNDA:0,(anonymous_5)
FNDA:0,(anonymous_6)
FNDA:0,(anonymous_7)
FNDA:0,(anonymous_8)
FNDA:0,(anonymous_9)
FNDA:0,(anonymous_10)
FNDA:0,(anonymous_11)
FNDA:0,(anonymous_12)
FNDA:0,(anonymous_13)
FNDA:0,(anonymous_14)
FNDA:0,(anonymous_15)
FNDA:0,(anonymous_16)
FNDA:0,(anonymous_17)
FNDA:0,(anonymous_18)
FNDA:0,(anonymous_19)
FNDA:0,(anonymous_20)
FNDA:0,(anonymous_21)
FNDA:0,(anonymous_22)
FNDA:0,(anonymous_23)
FNDA:0,(anonymous_24)
FNDA:0,(anonymous_25)
FNDA:0,(anonymous_26)
FNDA:0,(anonymous_27)
FNDA:0,(anonymous_28)
FNDA:0,(anonymous_29)
FNDA:0,(anonymous_30)
FNDA:0,(anonymous_31)
FNDA:0,SearchResultsPage
DA:16,0
DA:47,0
DA:49,0
DA:51,0
DA:53,0
DA:57,0
DA:108,0
DA:109,0
DA:125,0
DA:127,0
DA:141,0
DA:143,0
DA:144,0
DA:145,0
DA:146,0
DA:147,0
DA:159,0
DA:177,0
DA:181,0
DA:195,0
DA:199,0
DA:214,0
DA:224,0
DA:239,0
DA:241,0
DA:251,0
DA:264,0
DA:280,0
DA:294,0
DA:303,0
DA:326,0
DA:339,0
LF:32
LH:0
BRDA:15,0,0,0
BRDA:51,1,0,0
BRDA:51,1,1,0
BRDA:53,2,0,0
BRDA:53,2,1,0
BRDA:53,3,0,0
BRDA:53,3,1,0
BRDA:53,3,2,0
BRDA:53,3,3,0
BRDA:82,4,0,0
BRDA:82,4,1,0
BRDA:109,5,0,0
BRDA:109,5,1,0
BRDA:129,6,0,0
BRDA:129,6,1,0
BRDA:144,7,0,0
BRDA:144,7,1,0
BRDA:145,8,0,0
BRDA:145,8,1,0
BRDA:146,9,0,0
BRDA:146,9,1,0
BRDA:146,10,0,0
BRDA:146,10,1,0
BRDA:146,10,2,0
BRDA:156,11,0,0
BRDA:156,11,1,0
BRDA:157,12,0,0
BRDA:157,12,1,0
BRDA:223,13,0,0
BRDA:223,13,1,0
BRDA:243,14,0,0
BRDA:243,14,1,0
BRDA:291,15,0,0
BRDA:291,15,1,0
BRDA:300,16,0,0
BRDA:300,16,1,0
BRDA:306,17,0,0
BRDA:306,17,1,0
BRF:38
BRH:0
end_of_record
TN:
SF:src\pages\public\UnauthorizedPage.tsx
FN:4,UnauthorizedPage
FN:60,(anonymous_1)
FNF:2
FNH:0
FNDA:0,UnauthorizedPage
FNDA:0,(anonymous_1)
DA:5,0
DA:6,0
DA:8,0
DA:10,0
DA:60,0
LF:5
LH:0
BRDA:8,0,0,0
BRDA:8,0,1,0
BRDA:67,1,0,0
BRDA:67,1,1,0
BRF:4
BRH:0
end_of_record
TN:
SF:src\pages\public\VerifyEmailPage.tsx
FN:9,isValidEmail
FN:13,isAlreadyActiveMessage
FN:18,VerifyEmailPage
FN:35,(anonymous_3)
FN:40,(anonymous_4)
FN:41,(anonymous_5)
FN:52,(anonymous_6)
FN:61,(anonymous_7)
FN:66,(anonymous_8)
FN:68,(anonymous_9)
FN:69,(anonymous_10)
FN:72,handleOtpChange
FN:90,handleKeyDown
FN:96,handlePaste
FN:106,handleApiError
FN:142,handleVerify
FN:172,handleResend
FN:299,(anonymous_17)
FN:302,(anonymous_18)
FN:312,(anonymous_19)
FN:313,(anonymous_20)
FNF:21
FNH:0
FNDA:0,isValidEmail
FNDA:0,isAlreadyActiveMessage
FNDA:0,VerifyEmailPage
FNDA:0,(anonymous_3)
FNDA:0,(anonymous_4)
FNDA:0,(anonymous_5)
FNDA:0,(anonymous_6)
FNDA:0,(anonymous_7)
FNDA:0,(anonymous_8)
FNDA:0,(anonymous_9)
FNDA:0,(anonymous_10)
FNDA:0,handleOtpChange
FNDA:0,handleKeyDown
FNDA:0,handlePaste
FNDA:0,handleApiError
FNDA:0,handleVerify
FNDA:0,handleResend
FNDA:0,(anonymous_17)
FNDA:0,(anonymous_18)
FNDA:0,(anonymous_19)
FNDA:0,(anonymous_20)
DA:6,0
DA:7,0
DA:10,0
DA:14,0
DA:15,0
DA:19,0
DA:20,0
DA:21,0
DA:22,0
DA:24,0
DA:25,0
DA:26,0
DA:27,0
DA:28,0
DA:29,0
DA:30,0
DA:31,0
DA:32,0
DA:33,0
DA:35,0
DA:36,0
DA:37,0
DA:38,0
DA:40,0
DA:41,0
DA:42,0
DA:43,0
DA:44,0
DA:45,0
DA:47,0
DA:52,0
DA:53,0
DA:54,0
DA:55,0
DA:58,0
DA:59,0
DA:61,0
DA:62,0
DA:66,0
DA:67,0
DA:68,0
DA:69,0
DA:73,0
DA:74,0
DA:76,0
DA:77,0
DA:78,0
DA:79,0
DA:80,0
DA:81,0
DA:84,0
DA:85,0
DA:86,0
DA:87,0
DA:91,0
DA:92,0
DA:97,0
DA:98,0
DA:99,0
DA:100,0
DA:101,0
DA:102,0
DA:103,0
DA:107,0
DA:114,0
DA:115,0
DA:116,0
DA:117,0
DA:120,0
DA:121,0
DA:123,0
DA:124,0
DA:125,0
DA:126,0
DA:127,0
DA:128,0
DA:129,0
DA:132,0
DA:133,0
DA:134,0
DA:135,0
DA:138,0
DA:139,0
DA:143,0
DA:144,0
DA:146,0
DA:147,0
DA:148,0
DA:151,0
DA:152,0
DA:153,0
DA:154,0
DA:156,0
DA:157,0
DA:159,0
DA:160,0
DA:161,0
DA:164,0
DA:166,0
DA:168,0
DA:173,0
DA:175,0
DA:176,0
DA:177,0
DA:178,0
DA:180,0
DA:181,0
DA:183,0
DA:184,0
DA:185,0
DA:186,0
DA:187,0
DA:189,0
DA:191,0
DA:192,0
DA:193,0
DA:196,0
DA:197,0
DA:198,0
DA:200,0
DA:202,0
DA:206,0
DA:207,0
DA:210,0
DA:300,0
DA:303,0
DA:312,0
DA:313,0
LF:128
LH:0
BRDA:15,0,0,0
BRDA:15,0,1,0
BRDA:15,0,2,0
BRDA:21,1,0,0
BRDA:21,1,1,0
BRDA:36,2,0,0
BRDA:36,2,1,0
BRDA:42,3,0,0
BRDA:42,3,1,0
BRDA:43,4,0,0
BRDA:43,4,1,0
BRDA:53,5,0,0
BRDA:53,5,1,0
BRDA:62,6,0,0
BRDA:62,6,1,0
BRDA:67,7,0,0
BRDA:67,7,1,0
BRDA:76,8,0,0
BRDA:76,8,1,0
BRDA:80,9,0,0
BRDA:80,9,1,0
BRDA:87,10,0,0
BRDA:87,10,1,0
BRDA:91,11,0,0
BRDA:91,11,1,0
BRDA:91,12,0,0
BRDA:91,12,1,0
BRDA:91,12,2,0
BRDA:114,13,0,0
BRDA:114,13,1,0
BRDA:121,14,0,0
BRDA:121,14,1,0
BRDA:123,15,0,0
BRDA:123,15,1,0
BRDA:128,16,0,0
BRDA:128,16,1,0
BRDA:132,17,0,0
BRDA:132,17,1,0
BRDA:146,18,0,0
BRDA:146,18,1,0
BRDA:159,19,0,0
BRDA:159,19,1,0
BRDA:160,20,0,0
BRDA:160,20,1,0
BRDA:173,21,0,0
BRDA:173,21,1,0
BRDA:173,22,0,0
BRDA:173,22,1,0
BRDA:183,23,0,0
BRDA:183,23,1,0
BRDA:184,24,0,0
BRDA:184,24,1,0
BRDA:185,25,0,0
BRDA:185,25,1,0
BRDA:206,26,0,0
BRDA:206,26,1,0
BRDA:272,27,0,0
BRDA:272,27,1,0
BRDA:276,28,0,0
BRDA:276,28,1,0
BRDA:279,29,0,0
BRDA:279,29,1,0
BRDA:294,30,0,0
BRDA:294,30,1,0
BRDA:317,31,0,0
BRDA:317,31,1,0
BRDA:317,32,0,0
BRDA:317,32,1,0
BRDA:324,33,0,0
BRDA:324,33,1,0
BRDA:327,34,0,0
BRDA:327,34,1,0
BRDA:333,35,0,0
BRDA:333,35,1,0
BRDA:340,36,0,0
BRDA:340,36,1,0
BRDA:346,37,0,0
BRDA:346,37,1,0
BRDA:350,38,0,0
BRDA:350,38,1,0
BRDA:350,39,0,0
BRDA:350,39,1,0
BRDA:351,40,0,0
BRDA:351,40,1,0
BRDA:354,41,0,0
BRDA:354,41,1,0
BRF:86
BRH:0
end_of_record
TN:
SF:src\services\auth.ts
FN:1,loginWithGoogle
FNF:1
FNH:0
FNDA:0,loginWithGoogle
DA:2,0
DA:8,0
DA:9,0
DA:12,0
LF:4
LH:0
BRDA:8,0,0,0
BRDA:8,0,1,0
BRF:2
BRH:0
end_of_record
TN:
SF:src\store\authStore.ts
FN:21,getRoleDashboardPath
FN:34,(anonymous_1)
FN:44,(anonymous_2)
FN:66,(anonymous_3)
FN:67,(anonymous_4)
FN:69,(anonymous_5)
FN:82,(anonymous_6)
FN:87,(anonymous_7)
FNF:8
FNH:6
FNDA:6,getRoleDashboardPath
FNDA:2,(anonymous_1)
FNDA:1,(anonymous_2)
FNDA:1,(anonymous_3)
FNDA:8,(anonymous_4)
FNDA:8,(anonymous_5)
FNDA:0,(anonymous_6)
FNDA:0,(anonymous_7)
DA:19,2
DA:22,6
DA:24,1
DA:26,1
DA:28,1
DA:30,3
DA:34,2
DA:46,1
DA:47,1
DA:48,1
DA:49,1
DA:50,1
DA:51,1
DA:52,1
DA:53,1
DA:55,1
DA:67,8
DA:69,8
DA:70,1
DA:83,0
DA:84,0
DA:85,0
DA:87,0
LF:23
LH:19
BRDA:22,0,0,1
BRDA:22,0,1,1
BRDA:22,0,2,1
BRDA:22,0,3,3
BRDA:49,1,0,1
BRDA:49,1,1,0
BRDA:50,2,0,1
BRDA:50,2,1,0
BRDA:51,3,0,1
BRDA:51,3,1,0
BRDA:52,4,0,1
BRDA:52,4,1,1
BRDA:53,5,0,1
BRDA:53,5,1,1
BRDA:58,6,0,1
BRDA:58,6,1,0
BRDA:59,7,0,1
BRDA:59,7,1,0
BRDA:60,8,0,1
BRDA:60,8,1,0
BRDA:61,9,0,1
BRDA:61,9,1,1
BRDA:62,10,0,1
BRDA:62,10,1,1
BRDA:83,11,0,0
BRDA:83,11,1,0
BRDA:84,12,0,0
BRDA:84,12,1,0
BRDA:85,13,0,0
BRDA:85,13,1,0
BRDA:88,14,0,0
BRDA:88,14,1,0
BRDA:89,15,0,0
BRDA:89,15,1,0
BRDA:90,16,0,0
BRDA:90,16,1,0
BRF:36
BRH:18
end_of_record
TN:
SF:src\utils\amenities.ts
FN:28,fixAmenityLabel
FN:37,(anonymous_1)
FN:58,fixAmenityLabels
FNF:3
FNH:0
FNDA:0,fixAmenityLabel
FNDA:0,(anonymous_1)
FNDA:0,fixAmenityLabels
DA:2,0
DA:29,0
DA:30,0
DA:33,0
DA:36,0
DA:37,0
DA:38,0
DA:41,0
DA:55,0
DA:59,0
DA:60,0
LF:11
LH:0
BRDA:29,0,0,0
BRDA:29,0,1,0
BRDA:30,1,0,0
BRDA:30,1,1,0
BRDA:38,2,0,0
BRDA:38,2,1,0
BRDA:55,3,0,0
BRDA:55,3,1,0
BRDA:59,4,0,0
BRDA:59,4,1,0
BRF:10
BRH:0
end_of_record
TN:
SF:src\utils\filterInput.ts
FN:7,digitsOnly
FN:12,clampPositiveIntString
FN:19,blockNonDigitKey
FNF:3
FNH:2
FNDA:6,digitsOnly
FNDA:4,clampPositiveIntString
FNDA:0,blockNonDigitKey
DA:3,1
DA:4,1
DA:8,6
DA:13,4
DA:14,4
DA:15,3
DA:16,3
DA:20,0
DA:21,0
DA:22,0
DA:23,0
LF:11
LH:7
BRDA:12,0,0,4
BRDA:14,1,0,1
BRDA:14,1,1,3
BRDA:20,2,0,0
BRDA:20,2,1,0
BRDA:20,3,0,0
BRDA:20,3,1,0
BRDA:20,3,2,0
BRDA:22,4,0,0
BRDA:22,4,1,0
BRDA:23,5,0,0
BRDA:23,5,1,0
BRF:12
BRH:3
end_of_record
TN:
SF:src\utils\mediaUrl.ts
FN:6,resolveMediaUrl
FN:14,formatStatValue
FNF:2
FNH:0
FNDA:0,resolveMediaUrl
FNDA:0,formatStatValue
DA:2,0
DA:7,0
DA:8,0
DA:9,0
DA:10,0
DA:11,0
DA:15,0
DA:16,0
LF:8
LH:0
BRDA:7,0,0,0
BRDA:7,0,1,0
BRDA:8,1,0,0
BRDA:8,1,1,0
BRDA:8,2,0,0
BRDA:8,2,1,0
BRDA:9,3,0,0
BRDA:9,3,1,0
BRDA:10,4,0,0
BRDA:10,4,1,0
BRDA:11,5,0,0
BRDA:11,5,1,0
BRDA:14,6,0,0
BRDA:15,7,0,0
BRDA:15,7,1,0
BRDA:16,8,0,0
BRDA:16,8,1,0
BRF:17
BRH:0
end_of_record
TN:
SF:src\utils\roomCalendar.ts
FN:28,parseLocalDate
FN:33,dateKey
FN:37,statusForDay
FN:65,isRangeAvailable
FN:82,addMonths
FNF:5
FNH:3
FNDA:5,parseLocalDate
FNDA:4,dateKey
FNDA:2,statusForDay
FNDA:0,isRangeAvailable
FNDA:0,addMonths
DA:10,1
DA:19,1
DA:21,1
DA:26,1
DA:29,5
DA:30,5
DA:34,4
DA:38,2
DA:39,2
DA:40,2
DA:41,2
DA:42,2
DA:48,1
DA:51,1
DA:52,1
DA:53,1
DA:54,1
DA:55,1
DA:56,1
DA:57,1
DA:58,1
DA:59,0
DA:62,0
DA:71,0
DA:72,0
DA:73,0
DA:74,0
DA:75,0
DA:76,0
DA:77,0
DA:79,0
DA:83,0
DA:84,0
LF:33
LH:21
BRDA:41,0,0,0
BRDA:41,0,1,2
BRDA:42,1,0,1
BRDA:42,1,1,1
BRDA:43,2,0,2
BRDA:43,2,1,1
BRDA:43,2,2,1
BRDA:43,2,3,1
BRDA:54,3,0,1
BRDA:54,3,1,0
BRDA:54,4,0,1
BRDA:54,4,1,1
BRDA:55,5,0,1
BRDA:55,5,1,0
BRDA:56,6,0,0
BRDA:56,6,1,1
BRDA:57,7,0,0
BRDA:57,7,1,1
BRDA:58,8,0,1
BRDA:58,8,1,0
BRDA:58,9,0,1
BRDA:58,9,1,0
BRDA:71,10,0,0
BRDA:71,10,1,0
BRDA:72,11,0,0
BRDA:72,11,1,0
BRDA:72,12,0,0
BRDA:72,12,1,0
BRDA:72,12,2,0
BRDA:77,13,0,0
BRDA:77,13,1,0
BRF:31
BRH:15
end_of_record
