# JRE version: Java(TM) SE Runtime Environment (17.0.9+11) (build 17.0.9+11-LTS-201)
# Java VM: Java HotSpot(TM) 64-Bit Server VM (17.0.9+11-LTS-201, mixed mode, sharing, tiered, compressed oops, compressed class ptrs, g1 gc, windows-amd64)
GC Precious Log:
 CPUs: 12 total, 12 available
 Memory: 16068M
 Large Page Support: Disabled
 NUMA Support: Disabled
 Compressed Oops: Enabled (Zero based)
 Heap Region Size: 2M
 Heap Min Capacity: 8M
 Heap Initial Capacity: 252M
 Heap Max Capacity: 4018M
 Pre-touch: Disabled
 Parallel Workers: 10
 Concurrent Workers: 3
 Concurrent Refinement Workers: 10
 Periodic GC: Disabled
Heap:
 garbage-first heap   total 96256K, used 53821K [0x0000000704e00000, 0x0000000800000000)
  region size 2048K, 11 young (22528K), 2 survivors (4096K)
 Metaspace       used 70708K, committed 71296K, reserved 1114112K
  class space    used 9644K, committed 9920K, reserved 1048576K
GC Heap History (20 events):
Event: 4.888 GC heap before
{Heap before GC invocations=6 (full 0):
 garbage-first heap   total 69632K, used 20967K [0x0000000704e00000, 0x0000000800000000)
  region size 2048K, 3 young (6144K), 2 survivors (4096K)
 Metaspace       used 25170K, committed 25408K, reserved 1114112K
  class space    used 3187K, committed 3328K, reserved 1048576K
}
Event: 4.895 GC heap after
{Heap after GC invocations=7 (full 0):
 garbage-first heap   total 69632K, used 18845K [0x0000000704e00000, 0x0000000800000000)
  region size 2048K, 1 young (2048K), 1 survivors (2048K)
 Metaspace       used 25170K, committed 25408K, reserved 1114112K
  class space    used 3187K, committed 3328K, reserved 1048576K
}
Event: 6.239 GC heap before
{Heap before GC invocations=7 (full 0):
 garbage-first heap   total 69632K, used 45469K [0x0000000704e00000, 0x0000000800000000)
  region size 2048K, 14 young (28672K), 1 survivors (2048K)
 Metaspace       used 28409K, committed 28800K, reserved 1114112K
  class space    used 3668K, committed 3840K, reserved 1048576K
}
Event: 6.255 GC heap after
{Heap after GC invocations=8 (full 0):
 garbage-first heap   total 69632K, used 20622K [0x0000000704e00000, 0x0000000800000000)
  region size 2048K, 2 young (4096K), 2 survivors (4096K)
 Metaspace       used 28409K, committed 28800K, reserved 1114112K
  class space    used 3668K, committed 3840K, reserved 1048576K
}
Event: 7.692 GC heap before
{Heap before GC invocations=8 (full 0):
 garbage-first heap   total 69632K, used 47246K [0x0000000704e00000, 0x0000000800000000)
  region size 2048K, 15 young (30720K), 2 survivors (4096K)
 Metaspace       used 33018K, committed 33472K, reserved 1114112K
  class space    used 4271K, committed 4480K, reserved 1048576K
}
Event: 7.705 GC heap after
{Heap after GC invocations=9 (full 0):
 garbage-first heap   total 98304K, used 23050K [0x0000000704e00000, 0x0000000800000000)
  region size 2048K, 2 young (4096K), 2 survivors (4096K)
 Metaspace       used 33018K, committed 33472K, reserved 1114112K
  class space    used 4271K, committed 4480K, reserved 1048576K
}
Event: 8.213 GC heap before
{Heap before GC invocations=9 (full 0):
 garbage-first heap   total 98304K, used 35338K [0x0000000704e00000, 0x0000000800000000)
  region size 2048K, 10 young (20480K), 2 survivors (4096K)
 Metaspace       used 35583K, committed 35968K, reserved 1114112K
  class space    used 4547K, committed 4736K, reserved 1048576K
}
Event: 8.220 GC heap after
{Heap after GC invocations=10 (full 0):
 garbage-first heap   total 98304K, used 24174K [0x0000000704e00000, 0x0000000800000000)
  region size 2048K, 2 young (4096K), 2 survivors (4096K)
 Metaspace       used 35583K, committed 35968K, reserved 1114112K
  class space    used 4547K, committed 4736K, reserved 1048576K
}
Event: 10.341 GC heap before
{Heap before GC invocations=11 (full 0):
 garbage-first heap   total 96256K, used 67182K [0x0000000704e00000, 0x0000000800000000)
  region size 2048K, 24 young (49152K), 2 survivors (4096K)
 Metaspace       used 48556K, committed 49024K, reserved 1114112K
  class space    used 6305K, committed 6528K, reserved 1048576K
}
Event: 10.354 GC heap after
{Heap after GC invocations=12 (full 0):
 garbage-first heap   total 96256K, used 27478K [0x0000000704e00000, 0x0000000800000000)
  region size 2048K, 3 young (6144K), 3 survivors (6144K)
 Metaspace       used 48556K, committed 49024K, reserved 1114112K
  class space    used 6305K, committed 6528K, reserved 1048576K
}
Event: 11.783 GC heap before
{Heap before GC invocations=12 (full 0):
 garbage-first heap   total 96256K, used 64342K [0x0000000704e00000, 0x0000000800000000)
  region size 2048K, 22 young (45056K), 3 survivors (6144K)
 Metaspace       used 54419K, committed 54912K, reserved 1114112K
  class space    used 7139K, committed 7360K, reserved 1048576K
}
Event: 11.796 GC heap after
{Heap after GC invocations=13 (full 0):
 garbage-first heap   total 96256K, used 29858K [0x0000000704e00000, 0x0000000800000000)
  region size 2048K, 2 young (4096K), 2 survivors (4096K)
 Metaspace       used 54419K, committed 54912K, reserved 1114112K
  class space    used 7139K, committed 7360K, reserved 1048576K
}
Event: 12.725 GC heap before
{Heap before GC invocations=13 (full 0):
 garbage-first heap   total 96256K, used 68770K [0x0000000704e00000, 0x0000000800000000)
  region size 2048K, 21 young (43008K), 2 survivors (4096K)
 Metaspace       used 59133K, committed 59648K, reserved 1114112K
  class space    used 7858K, committed 8128K, reserved 1048576K
}
Event: 12.736 GC heap after
{Heap after GC invocations=14 (full 0):
 garbage-first heap   total 96256K, used 30388K [0x0000000704e00000, 0x0000000800000000)
  region size 2048K, 2 young (4096K), 2 survivors (4096K)
 Metaspace       used 59133K, committed 59648K, reserved 1114112K
  class space    used 7858K, committed 8128K, reserved 1048576K
}
Event: 12.974 GC heap before
{Heap before GC invocations=14 (full 0):
 garbage-first heap   total 96256K, used 42676K [0x0000000704e00000, 0x0000000800000000)
  region size 2048K, 9 young (18432K), 2 survivors (4096K)
 Metaspace       used 59787K, committed 60288K, reserved 1114112K
  class space    used 7924K, committed 8192K, reserved 1048576K
}
Event: 12.980 GC heap after
{Heap after GC invocations=15 (full 0):
 garbage-first heap   total 96256K, used 30462K [0x0000000704e00000, 0x0000000800000000)
  region size 2048K, 1 young (2048K), 1 survivors (2048K)
 Metaspace       used 59787K, committed 60288K, reserved 1114112K
  class space    used 7924K, committed 8192K, reserved 1048576K
}
Event: 16.335 GC heap before
{Heap before GC invocations=16 (full 0):
 garbage-first heap   total 96256K, used 73470K [0x0000000704e00000, 0x0000000800000000)
  region size 2048K, 22 young (45056K), 1 survivors (2048K)
 Metaspace       used 67916K, committed 68416K, reserved 1114112K
  class space    used 9055K, committed 9280K, reserved 1048576K
}
Event: 16.349 GC heap after
{Heap after GC invocations=17 (full 0):
 garbage-first heap   total 96256K, used 33847K [0x0000000704e00000, 0x0000000800000000)
  region size 2048K, 3 young (6144K), 3 survivors (6144K)
 Metaspace       used 67916K, committed 68416K, reserved 1114112K
  class space    used 9055K, committed 9280K, reserved 1048576K
}
Event: 17.096 GC heap before
{Heap before GC invocations=17 (full 0):
 garbage-first heap   total 96256K, used 72759K [0x0000000704e00000, 0x0000000800000000)
  region size 2048K, 22 young (45056K), 3 survivors (6144K)
 Metaspace       used 69233K, committed 69760K, reserved 1114112K
  class space    used 9298K, committed 9536K, reserved 1048576K
}
Event: 17.111 GC heap after
{Heap after GC invocations=18 (full 0):
 garbage-first heap   total 96256K, used 36148K [0x0000000704e00000, 0x0000000800000000)
  region size 2048K, 2 young (4096K), 2 survivors (4096K)
 Metaspace       used 69233K, committed 69760K, reserved 1114112K
  class space    used 9298K, committed 9536K, reserved 1048576K
}

